/usr/local/lib/python2.7/dist-packages/torch/nn/functional.py:1749: UserWarning: Default upsampling behavior when mode=bilinear is changed to align_corners=False since 0.4.0. Please specify align_corners=True if the old behavior is desired. See the documentation of nn.Upsample for details.
  "See the documentation of nn.Upsample for details.".format(mode))
/home/administrator/zxf/3GRU/new_frcnn_fpn_inf/lib/model/rpn/rpn_fpn.py:79: UserWarning: Implicit dimension choice for softmax has been deprecated. Change the call to include dim=X as an argument.
  rpn_cls_prob_reshape = F.softmax(rpn_cls_score_reshape)
Called with args:
Namespace(batch_size=1, checkepoch=1, checkpoint=0, checkpoint_interval=10000, checksession=1, class_agnostic=False, cuda=True, dataset='pascal_voc', disp_interval=100, lr=0.001, lr_decay_gamma=0.1, lr_decay_step=5, lscale=False, mGPUs=False, max_epochs=20, net='res101', num_workers=0, optimizer='sgd', resume=False, save_dir='./models', session=1, start_epoch=1, use_tfboard=False)
Using config:
{'ANCHOR_RATIOS': [0.5, 1, 2],
 'ANCHOR_SCALES': [8, 16, 32],
 'CROP_RESIZE_WITH_MAX_POOL': False,
 'CUDA': False,
 'DATA_DIR': '/home/administrator/zxf/3GRU/new_frcnn_fpn_inf/data',
 'DEDUP_BOXES': 0.0625,
 'EPS': 1e-14,
 'EXP_DIR': 'res101',
 'FEAT_STRIDE': [16],
 'FPN_ANCHOR_SCALES': [32, 64, 128, 256, 512],
 'FPN_ANCHOR_STRIDE': 1,
 'FPN_FEAT_STRIDES': [4, 8, 16, 32, 64],
 'GPU_ID': 0,
 'HAS_MASK': True,
 'MATLAB': 'matlab',
 'MAX_NUM_GT_BOXES': 20,
 'MOBILENET': {'DEPTH_MULTIPLIER': 1.0,
               'FIXED_LAYERS': 5,
               'REGU_DEPTH': False,
               'WEIGHT_DECAY': 4e-05},
 'PIXEL_MEANS': array([[[102.9801, 115.9465, 122.7717]]]),
 'POOLING_MODE': 'align',
 'POOLING_SIZE': 7,
 'RESNET': {'FIXED_BLOCKS': 1, 'MAX_POOL': False},
 'RNG_SEED': 3,
 'ROOT_DIR': '/home/administrator/zxf/3GRU/new_frcnn_fpn_inf',
 'TEST': {'BBOX_REG': True,
          'HAS_RPN': True,
          'MAX_SIZE': 1000,
          'MODE': 'nms',
          'NMS': 0.3,
          'PROPOSAL_METHOD': 'gt',
          'RPN_MIN_SIZE': 16,
          'RPN_NMS_THRESH': 0.7,
          'RPN_POST_NMS_TOP_N': 300,
          'RPN_PRE_NMS_TOP_N': 6000,
          'RPN_TOP_N': 5000,
          'SCALES': [600],
          'SVM': False},
 'TRAIN': {'ASPECT_GROUPING': False,
           'BATCH_SIZE': 128,
           'BBOX_INSIDE_WEIGHTS': [1.0, 1.0, 1.0, 1.0],
           'BBOX_NORMALIZE_MEANS': [0.0, 0.0, 0.0, 0.0],
           'BBOX_NORMALIZE_STDS': [0.1, 0.1, 0.2, 0.2],
           'BBOX_NORMALIZE_TARGETS': True,
           'BBOX_NORMALIZE_TARGETS_PRECOMPUTED': True,
           'BBOX_REG': True,
           'BBOX_THRESH': 0.5,
           'BG_THRESH_HI': 0.5,
           'BG_THRESH_LO': 0.0,
           'BIAS_DECAY': False,
           'BN_TRAIN': False,
           'DISPLAY': 20,
           'DOUBLE_BIAS': False,
           'FG_FRACTION': 0.25,
           'FG_THRESH': 0.5,
           'GAMMA': 0.1,
           'HAS_RPN': True,
           'IMS_PER_BATCH': 1,
           'LEARNING_RATE': 0.001,
           'MAX_SIZE': 1000,
           'MOMENTUM': 0.9,
           'PROPOSAL_METHOD': 'gt',
           'RPN_BATCHSIZE': 256,
           'RPN_BBOX_INSIDE_WEIGHTS': [1.0, 1.0, 1.0, 1.0],
           'RPN_CLOBBER_POSITIVES': False,
           'RPN_FG_FRACTION': 0.5,
           'RPN_MIN_SIZE': 8,
           'RPN_NEGATIVE_OVERLAP': 0.3,
           'RPN_NMS_THRESH': 0.7,
           'RPN_POSITIVE_OVERLAP': 0.7,
           'RPN_POSITIVE_WEIGHT': -1.0,
           'RPN_POST_NMS_TOP_N': 2000,
           'RPN_PRE_NMS_TOP_N': 12000,
           'SCALES': [600],
           'SNAPSHOT_ITERS': 5000,
           'SNAPSHOT_KEPT': 3,
           'SNAPSHOT_PREFIX': 'res101_faster_rcnn',
           'STEPSIZE': [30000],
           'SUMMARY_INTERVAL': 180,
           'TRIM_HEIGHT': 600,
           'TRIM_WIDTH': 600,
           'TRUNCATED': False,
           'USE_ALL_GT': True,
           'USE_FLIPPED': True,
           'USE_GT': False,
           'WEIGHT_DECAY': 0.0001},
 'USE_GPU_NMS': True}
Loaded dataset `voc_2007_trainval` for training
Set proposal method: gt
Appending horizontally-flipped training examples...
voc_2007_trainval gt roidb loaded from /home/administrator/zxf/3GRU/new_frcnn_fpn_inf/data/cache/voc_2007_trainval_gt_roidb.pkl
done
Preparing training data...
done
before filtering, there are 1808 images...
after filtering, there are 1808 images...
1808 roidb entries
Loading pretrained weights from data/pretrained_model/resnet101_caffe.pth
/home/administrator/zxf/3GRU/new_frcnn_fpn_inf/lib/model/structure/structure.py:103: UserWarning: Implicit dimension choice for softmax has been deprecated. Change the call to include dim=X as an argument.
  Z = F.softmax(E)  # edge relationships
/home/administrator/zxf/3GRU/new_frcnn_fpn_inf/lib/model/fpn/fpn.py:309: UserWarning: Implicit dimension choice for softmax has been deprecated. Change the call to include dim=X as an argument.
  cls_prob = F.softmax(cls_score)
trainval_net.py:334: UserWarning: invalid index of a 0-dim tensor. This will be an error in PyTorch 0.5. Use tensor.item() to convert a 0-dim tensor to a Python number
  loss_temp += loss.data[0]
trainval_net.py:354: UserWarning: invalid index of a 0-dim tensor. This will be an error in PyTorch 0.5. Use tensor.item() to convert a 0-dim tensor to a Python number
  loss_rpn_cls = rpn_loss_cls.data[0]
trainval_net.py:355: UserWarning: invalid index of a 0-dim tensor. This will be an error in PyTorch 0.5. Use tensor.item() to convert a 0-dim tensor to a Python number
  loss_rpn_box = rpn_loss_box.data[0]
trainval_net.py:356: UserWarning: invalid index of a 0-dim tensor. This will be an error in PyTorch 0.5. Use tensor.item() to convert a 0-dim tensor to a Python number
  loss_rcnn_cls = RCNN_loss_cls.data[0]
trainval_net.py:357: UserWarning: invalid index of a 0-dim tensor. This will be an error in PyTorch 0.5. Use tensor.item() to convert a 0-dim tensor to a Python number
  loss_rcnn_box = RCNN_loss_bbox.data[0]
[session 1][epoch  1][iter    0] loss: 4.3201, lr: 1.00e-03
			fg/bg=(22/106), time cost: 1.156770
			rpn_cls: 0.6760, rpn_box: 0.3933, rcnn_cls: 3.2204, rcnn_box 0.0304
[session 1][epoch  1][iter  100] loss: 2.4337, lr: 1.00e-03
			fg/bg=(21/107), time cost: 64.716018
			rpn_cls: 0.1476, rpn_box: 0.4646, rcnn_cls: 0.7285, rcnn_box 0.2201
[session 1][epoch  1][iter  200] loss: 1.6309, lr: 1.00e-03
			fg/bg=(32/96), time cost: 62.378809
			rpn_cls: 0.1539, rpn_box: 0.3290, rcnn_cls: 1.1744, rcnn_box 0.4581
[session 1][epoch  1][iter  300] loss: 1.7930, lr: 1.00e-03
			fg/bg=(32/96), time cost: 63.471916
			rpn_cls: 0.2464, rpn_box: 0.2584, rcnn_cls: 0.8973, rcnn_box 0.4206
[session 1][epoch  1][iter  400] loss: 1.6845, lr: 1.00e-03
			fg/bg=(32/96), time cost: 63.046138
			rpn_cls: 0.3136, rpn_box: 0.1553, rcnn_cls: 0.8369, rcnn_box 0.5014
[session 1][epoch  1][iter  500] loss: 1.5050, lr: 1.00e-03
			fg/bg=(32/96), time cost: 63.214766
			rpn_cls: 0.1019, rpn_box: 0.1589, rcnn_cls: 0.8538, rcnn_box 0.4889
[session 1][epoch  1][iter  600] loss: 1.4022, lr: 1.00e-03
			fg/bg=(32/96), time cost: 63.069214
			rpn_cls: 0.0818, rpn_box: 0.1352, rcnn_cls: 0.4279, rcnn_box 0.5143
[session 1][epoch  1][iter  700] loss: 1.2979, lr: 1.00e-03
			fg/bg=(32/96), time cost: 63.043228
			rpn_cls: 0.0051, rpn_box: 0.2346, rcnn_cls: 0.6075, rcnn_box 0.3613
[session 1][epoch  1][iter  800] loss: 1.1306, lr: 1.00e-03
			fg/bg=(32/96), time cost: 62.344007
			rpn_cls: 0.2300, rpn_box: 0.0148, rcnn_cls: 0.4722, rcnn_box 0.3750
[session 1][epoch  1][iter  900] loss: 1.0837, lr: 1.00e-03
			fg/bg=(32/96), time cost: 63.030644
			rpn_cls: 0.1305, rpn_box: 0.0239, rcnn_cls: 0.1379, rcnn_box 0.3708
[session 1][epoch  1][iter 1000] loss: 0.9843, lr: 1.00e-03
			fg/bg=(32/96), time cost: 63.142543
			rpn_cls: 0.0462, rpn_box: 0.1331, rcnn_cls: 0.2290, rcnn_box 0.3597
[session 1][epoch  1][iter 1100] loss: 0.9865, lr: 1.00e-03
			fg/bg=(32/96), time cost: 62.936782
			rpn_cls: 0.8807, rpn_box: 0.0370, rcnn_cls: 0.5168, rcnn_box 0.3387
[session 1][epoch  1][iter 1200] loss: 1.0121, lr: 1.00e-03
			fg/bg=(32/96), time cost: 62.500801
			rpn_cls: 0.0836, rpn_box: 0.1727, rcnn_cls: 0.7680, rcnn_box 0.4093
[session 1][epoch  1][iter 1300] loss: 0.8953, lr: 1.00e-03
			fg/bg=(32/96), time cost: 62.275675
			rpn_cls: 0.0490, rpn_box: 0.0801, rcnn_cls: 0.4391, rcnn_box 0.3699
[session 1][epoch  1][iter 1400] loss: 0.8240, lr: 1.00e-03
			fg/bg=(32/96), time cost: 62.226064
			rpn_cls: 0.0176, rpn_box: 0.1809, rcnn_cls: 0.4860, rcnn_box 0.2223
[session 1][epoch  1][iter 1500] loss: 0.7836, lr: 1.00e-03
			fg/bg=(32/96), time cost: 62.025444
			rpn_cls: 0.0868, rpn_box: 0.0417, rcnn_cls: 0.2361, rcnn_box 0.2223
[session 1][epoch  1][iter 1600] loss: 0.7905, lr: 1.00e-03
			fg/bg=(32/96), time cost: 62.070868
			rpn_cls: 0.0532, rpn_box: 0.3744, rcnn_cls: 0.2469, rcnn_box 0.3328
[session 1][epoch  1][iter 1700] loss: 0.7725, lr: 1.00e-03
			fg/bg=(32/96), time cost: 62.076512
			rpn_cls: 0.0811, rpn_box: 0.0818, rcnn_cls: 0.3309, rcnn_box 0.3013
[session 1][epoch  1][iter 1800] loss: 0.6964, lr: 1.00e-03
			fg/bg=(32/96), time cost: 62.832197
			rpn_cls: 0.0465, rpn_box: 0.0675, rcnn_cls: 0.1691, rcnn_box 0.1862
save model: ./models/res101/pascal_voc/fpn_1_1_1807.pth
5.29366087914
[session 1][epoch  2][iter    0] loss: 0.9464, lr: 1.00e-03
			fg/bg=(32/96), time cost: 0.662391
			rpn_cls: 0.0242, rpn_box: 0.1865, rcnn_cls: 0.4937, rcnn_box 0.2421
[session 1][epoch  2][iter  100] loss: 0.7155, lr: 1.00e-03
			fg/bg=(32/96), time cost: 63.316562
			rpn_cls: 0.0590, rpn_box: 0.0158, rcnn_cls: 0.5038, rcnn_box 0.3019
[session 1][epoch  2][iter  200] loss: 0.6942, lr: 1.00e-03
			fg/bg=(32/96), time cost: 63.312032
			rpn_cls: 0.0170, rpn_box: 0.0189, rcnn_cls: 0.2122, rcnn_box 0.2438
[session 1][epoch  2][iter  300] loss: 0.6802, lr: 1.00e-03
			fg/bg=(32/96), time cost: 63.130131
			rpn_cls: 0.0042, rpn_box: 0.1861, rcnn_cls: 0.6693, rcnn_box 0.2857
[session 1][epoch  2][iter  400] loss: 0.6718, lr: 1.00e-03
			fg/bg=(32/96), time cost: 63.211125
			rpn_cls: 0.0379, rpn_box: 0.0127, rcnn_cls: 0.1578, rcnn_box 0.2763
[session 1][epoch  2][iter  500] loss: 0.6166, lr: 1.00e-03
			fg/bg=(32/96), time cost: 62.747697
			rpn_cls: 0.0330, rpn_box: 0.0152, rcnn_cls: 0.1634, rcnn_box 0.2203
[session 1][epoch  2][iter  600] loss: 0.6121, lr: 1.00e-03
			fg/bg=(32/96), time cost: 62.214678
			rpn_cls: 0.0396, rpn_box: 0.0974, rcnn_cls: 0.1327, rcnn_box 0.2880
[session 1][epoch  2][iter  700] loss: 0.6162, lr: 1.00e-03
			fg/bg=(32/96), time cost: 63.092342
			rpn_cls: 0.0347, rpn_box: 0.0511, rcnn_cls: 0.1821, rcnn_box 0.3054
[session 1][epoch  2][iter  800] loss: 0.6187, lr: 1.00e-03
			fg/bg=(32/96), time cost: 62.400371
			rpn_cls: 0.0530, rpn_box: 0.0339, rcnn_cls: 0.2524, rcnn_box 0.2448
[session 1][epoch  2][iter  900] loss: 0.5814, lr: 1.00e-03
			fg/bg=(32/96), time cost: 62.768996
			rpn_cls: 0.0454, rpn_box: 0.3586, rcnn_cls: 0.2610, rcnn_box 0.2144
[session 1][epoch  2][iter 1000] loss: 0.6397, lr: 1.00e-03
			fg/bg=(32/96), time cost: 62.332434
			rpn_cls: 0.0037, rpn_box: 0.0345, rcnn_cls: 0.1183, rcnn_box 0.1239
[session 1][epoch  2][iter 1100] loss: 0.5697, lr: 1.00e-03
			fg/bg=(32/96), time cost: 61.967633
			rpn_cls: 0.0308, rpn_box: 0.0100, rcnn_cls: 0.1526, rcnn_box 0.1883
[session 1][epoch  2][iter 1200] loss: 0.5366, lr: 1.00e-03
			fg/bg=(32/96), time cost: 62.812194
			rpn_cls: 0.0356, rpn_box: 0.0441, rcnn_cls: 0.0926, rcnn_box 0.1821
[session 1][epoch  2][iter 1300] loss: 0.5254, lr: 1.00e-03
			fg/bg=(32/96), time cost: 62.575820
			rpn_cls: 0.0599, rpn_box: 0.0272, rcnn_cls: 0.2200, rcnn_box 0.1831
[session 1][epoch  2][iter 1400] loss: 0.5694, lr: 1.00e-03
			fg/bg=(32/96), time cost: 62.991023
			rpn_cls: 0.0415, rpn_box: 0.0241, rcnn_cls: 0.1920, rcnn_box 0.1591
[session 1][epoch  2][iter 1500] loss: 0.5335, lr: 1.00e-03
			fg/bg=(32/96), time cost: 63.434508
			rpn_cls: 0.0081, rpn_box: 0.0683, rcnn_cls: 0.1634, rcnn_box 0.2425
[session 1][epoch  2][iter 1600] loss: 0.5697, lr: 1.00e-03
			fg/bg=(32/96), time cost: 63.005042
			rpn_cls: 0.0598, rpn_box: 0.0354, rcnn_cls: 0.1371, rcnn_box 0.2446
[session 1][epoch  2][iter 1700] loss: 0.5668, lr: 1.00e-03
			fg/bg=(32/96), time cost: 62.106788
			rpn_cls: 0.0040, rpn_box: 0.0160, rcnn_cls: 0.1885, rcnn_box 0.1337
[session 1][epoch  2][iter 1800] loss: 0.5270, lr: 1.00e-03
			fg/bg=(32/96), time cost: 62.696062
			rpn_cls: 0.0504, rpn_box: 0.1033, rcnn_cls: 0.4208, rcnn_box 0.2912
save model: ./models/res101/pascal_voc/fpn_1_2_1807.pth
5.3693819046
[session 1][epoch  3][iter    0] loss: 0.5535, lr: 1.00e-03
			fg/bg=(32/96), time cost: 0.686776
			rpn_cls: 0.0708, rpn_box: 0.0292, rcnn_cls: 0.2218, rcnn_box 0.2318
[session 1][epoch  3][iter  100] loss: 0.5359, lr: 1.00e-03
			fg/bg=(32/96), time cost: 63.393202
			rpn_cls: 0.0019, rpn_box: 0.2625, rcnn_cls: 0.4553, rcnn_box 0.2404
[session 1][epoch  3][iter  200] loss: 0.5387, lr: 1.00e-03
			fg/bg=(32/96), time cost: 63.275143
			rpn_cls: 0.0101, rpn_box: 0.0717, rcnn_cls: 0.3842, rcnn_box 0.2335
[session 1][epoch  3][iter  300] loss: 0.5231, lr: 1.00e-03
			fg/bg=(32/96), time cost: 63.463066
			rpn_cls: 0.0265, rpn_box: 0.0535, rcnn_cls: 0.1746, rcnn_box 0.2438
[session 1][epoch  3][iter  400] loss: 0.4811, lr: 1.00e-03
			fg/bg=(32/96), time cost: 63.233367
			rpn_cls: 0.0603, rpn_box: 0.2410, rcnn_cls: 0.1332, rcnn_box 0.1809
[session 1][epoch  3][iter  500] loss: 0.5044, lr: 1.00e-03
			fg/bg=(32/96), time cost: 63.053749
			rpn_cls: 0.0034, rpn_box: 0.0151, rcnn_cls: 0.0992, rcnn_box 0.1227
[session 1][epoch  3][iter  600] loss: 0.4927, lr: 1.00e-03
			fg/bg=(32/96), time cost: 62.575728
			rpn_cls: 0.0320, rpn_box: 0.1037, rcnn_cls: 0.2827, rcnn_box 0.2847
[session 1][epoch  3][iter  700] loss: 0.5098, lr: 1.00e-03
			fg/bg=(32/96), time cost: 62.862411
			rpn_cls: 0.0089, rpn_box: 0.1124, rcnn_cls: 0.3203, rcnn_box 0.3252
[session 1][epoch  3][iter  800] loss: 0.4792, lr: 1.00e-03
			fg/bg=(32/96), time cost: 62.600364
			rpn_cls: 0.0309, rpn_box: 0.0217, rcnn_cls: 0.1200, rcnn_box 0.1649
[session 1][epoch  3][iter  900] loss: 0.4736, lr: 1.00e-03
			fg/bg=(32/96), time cost: 63.150852
			rpn_cls: 0.0138, rpn_box: 0.0767, rcnn_cls: 0.2538, rcnn_box 0.2336
[session 1][epoch  3][iter 1000] loss: 0.4994, lr: 1.00e-03
			fg/bg=(32/96), time cost: 63.160407
			rpn_cls: 0.0138, rpn_box: 0.0466, rcnn_cls: 0.1862, rcnn_box 0.1640
[session 1][epoch  3][iter 1100] loss: 0.4942, lr: 1.00e-03
			fg/bg=(32/96), time cost: 63.610862
			rpn_cls: 0.0151, rpn_box: 0.1356, rcnn_cls: 0.2855, rcnn_box 0.2590
[session 1][epoch  3][iter 1200] loss: 0.4677, lr: 1.00e-03
			fg/bg=(32/96), time cost: 63.360383
			rpn_cls: 0.0397, rpn_box: 0.0284, rcnn_cls: 0.3327, rcnn_box 0.1941
[session 1][epoch  3][iter 1300] loss: 0.4565, lr: 1.00e-03
			fg/bg=(32/96), time cost: 63.280085
			rpn_cls: 0.0276, rpn_box: 0.0203, rcnn_cls: 0.0960, rcnn_box 0.1599
[session 1][epoch  3][iter 1400] loss: 0.4392, lr: 1.00e-03
			fg/bg=(32/96), time cost: 63.848956
			rpn_cls: 0.0219, rpn_box: 0.0514, rcnn_cls: 0.1301, rcnn_box 0.1579
[session 1][epoch  3][iter 1500] loss: 0.4824, lr: 1.00e-03
			fg/bg=(32/96), time cost: 63.680879
			rpn_cls: 0.0384, rpn_box: 0.0434, rcnn_cls: 0.1441, rcnn_box 0.1376
[session 1][epoch  3][iter 1600] loss: 0.4741, lr: 1.00e-03
			fg/bg=(32/96), time cost: 63.294997
			rpn_cls: 0.0548, rpn_box: 0.0141, rcnn_cls: 0.2511, rcnn_box 0.1646
[session 1][epoch  3][iter 1700] loss: 0.4389, lr: 1.00e-03
			fg/bg=(32/96), time cost: 63.948417
			rpn_cls: 0.0017, rpn_box: 0.1051, rcnn_cls: 0.3974, rcnn_box 0.2183
[session 1][epoch  3][iter 1800] loss: 0.4316, lr: 1.00e-03
			fg/bg=(32/96), time cost: 63.703038
			rpn_cls: 0.0009, rpn_box: 0.1071, rcnn_cls: 0.2996, rcnn_box 0.2460
save model: ./models/res101/pascal_voc/fpn_1_3_1807.pth
5.29330182076
[session 1][epoch  4][iter    0] loss: 0.1375, lr: 1.00e-03
			fg/bg=(32/96), time cost: 0.637961
			rpn_cls: 0.0030, rpn_box: 0.0090, rcnn_cls: 0.0470, rcnn_box 0.0785
[session 1][epoch  4][iter  100] loss: 0.4549, lr: 1.00e-03
			fg/bg=(32/96), time cost: 63.739525
			rpn_cls: 0.0029, rpn_box: 0.0222, rcnn_cls: 0.0599, rcnn_box 0.1891
[session 1][epoch  4][iter  200] loss: 0.4401, lr: 1.00e-03
			fg/bg=(32/96), time cost: 63.460159
			rpn_cls: 0.0019, rpn_box: 0.1062, rcnn_cls: 0.2488, rcnn_box 0.2005
[session 1][epoch  4][iter  300] loss: 0.4126, lr: 1.00e-03
			fg/bg=(32/96), time cost: 62.824698
			rpn_cls: 0.0051, rpn_box: 0.0021, rcnn_cls: 0.0868, rcnn_box 0.0632
[session 1][epoch  4][iter  400] loss: 0.3837, lr: 1.00e-03
			fg/bg=(32/96), time cost: 62.950943
			rpn_cls: 0.0231, rpn_box: 0.0277, rcnn_cls: 0.1025, rcnn_box 0.1148
[session 1][epoch  4][iter  500] loss: 0.4232, lr: 1.00e-03
			fg/bg=(32/96), time cost: 62.632124
			rpn_cls: 0.0028, rpn_box: 0.1792, rcnn_cls: 0.3020, rcnn_box 0.0871
[session 1][epoch  4][iter  600] loss: 0.4382, lr: 1.00e-03
			fg/bg=(32/96), time cost: 63.403826
			rpn_cls: 0.0091, rpn_box: 0.0776, rcnn_cls: 0.2158, rcnn_box 0.1696
[session 1][epoch  4][iter  700] loss: 0.4208, lr: 1.00e-03
			fg/bg=(32/96), time cost: 63.373801
			rpn_cls: 0.0761, rpn_box: 0.1325, rcnn_cls: 0.3930, rcnn_box 0.2132
[session 1][epoch  4][iter  800] loss: 0.4387, lr: 1.00e-03
			fg/bg=(32/96), time cost: 63.476227
			rpn_cls: 0.0364, rpn_box: 0.0500, rcnn_cls: 0.1696, rcnn_box 0.2255
[session 1][epoch  4][iter  900] loss: 0.4361, lr: 1.00e-03
			fg/bg=(32/96), time cost: 63.566198
			rpn_cls: 0.0020, rpn_box: 0.0746, rcnn_cls: 0.2637, rcnn_box 0.1838
[session 1][epoch  4][iter 1000] loss: 0.4490, lr: 1.00e-03
			fg/bg=(32/96), time cost: 63.621959
			rpn_cls: 0.0045, rpn_box: 0.1027, rcnn_cls: 0.4652, rcnn_box 0.2635
[session 1][epoch  4][iter 1100] loss: 0.4134, lr: 1.00e-03
			fg/bg=(32/96), time cost: 63.960972
			rpn_cls: 0.0033, rpn_box: 0.0525, rcnn_cls: 0.1165, rcnn_box 0.1391
[session 1][epoch  4][iter 1200] loss: 0.4193, lr: 1.00e-03
			fg/bg=(32/96), time cost: 63.412809
			rpn_cls: 0.0009, rpn_box: 0.0032, rcnn_cls: 0.0659, rcnn_box 0.0718
[session 1][epoch  4][iter 1300] loss: 0.4092, lr: 1.00e-03
			fg/bg=(32/96), time cost: 63.222430
			rpn_cls: 0.0054, rpn_box: 0.0813, rcnn_cls: 0.0719, rcnn_box 0.1720
[session 1][epoch  4][iter 1400] loss: 0.4406, lr: 1.00e-03
			fg/bg=(32/96), time cost: 63.105101
			rpn_cls: 0.0035, rpn_box: 0.1767, rcnn_cls: 0.2389, rcnn_box 0.1274
[session 1][epoch  4][iter 1500] loss: 0.4242, lr: 1.00e-03
			fg/bg=(32/96), time cost: 62.818857
			rpn_cls: 0.0013, rpn_box: 0.0705, rcnn_cls: 0.3282, rcnn_box 0.2433
[session 1][epoch  4][iter 1600] loss: 0.4360, lr: 1.00e-03
			fg/bg=(32/96), time cost: 63.091109
			rpn_cls: 0.0021, rpn_box: 0.0080, rcnn_cls: 0.0788, rcnn_box 0.1104
[session 1][epoch  4][iter 1700] loss: 0.4273, lr: 1.00e-03
			fg/bg=(32/96), time cost: 63.405294
			rpn_cls: 0.0634, rpn_box: 0.0063, rcnn_cls: 0.0773, rcnn_box 0.1589
[session 1][epoch  4][iter 1800] loss: 0.4129, lr: 1.00e-03
			fg/bg=(32/96), time cost: 63.391839
			rpn_cls: 0.0401, rpn_box: 0.0142, rcnn_cls: 0.0629, rcnn_box 0.1407
save model: ./models/res101/pascal_voc/fpn_1_4_1807.pth
5.34880900383
[session 1][epoch  5][iter    0] loss: 0.7464, lr: 1.00e-03
			fg/bg=(32/96), time cost: 0.643021
			rpn_cls: 0.0110, rpn_box: 0.1207, rcnn_cls: 0.4216, rcnn_box 0.1930
[session 1][epoch  5][iter  100] loss: 0.3897, lr: 1.00e-03
			fg/bg=(32/96), time cost: 62.708393
			rpn_cls: 0.0011, rpn_box: 0.0088, rcnn_cls: 0.1234, rcnn_box 0.1510
[session 1][epoch  5][iter  200] loss: 0.4365, lr: 1.00e-03
			fg/bg=(32/96), time cost: 62.790415
			rpn_cls: 0.0120, rpn_box: 0.0251, rcnn_cls: 0.0772, rcnn_box 0.1062
[session 1][epoch  5][iter  300] loss: 0.3948, lr: 1.00e-03
			fg/bg=(32/96), time cost: 62.699724
			rpn_cls: 0.0064, rpn_box: 0.0163, rcnn_cls: 0.0371, rcnn_box 0.0867
[session 1][epoch  5][iter  400] loss: 0.4170, lr: 1.00e-03
			fg/bg=(32/96), time cost: 62.929457
			rpn_cls: 0.0093, rpn_box: 0.0101, rcnn_cls: 0.1304, rcnn_box 0.1594
[session 1][epoch  5][iter  500] loss: 0.4008, lr: 1.00e-03
			fg/bg=(32/96), time cost: 62.897765
			rpn_cls: 0.0333, rpn_box: 0.0164, rcnn_cls: 0.1037, rcnn_box 0.1609
[session 1][epoch  5][iter  600] loss: 0.4002, lr: 1.00e-03
			fg/bg=(32/96), time cost: 63.040471
			rpn_cls: 0.0026, rpn_box: 0.1739, rcnn_cls: 0.3640, rcnn_box 0.2099
[session 1][epoch  5][iter  700] loss: 0.4009, lr: 1.00e-03
			fg/bg=(32/96), time cost: 62.821860
			rpn_cls: 0.0012, rpn_box: 0.0718, rcnn_cls: 0.3742, rcnn_box 0.2382
[session 1][epoch  5][iter  800] loss: 0.4041, lr: 1.00e-03
			fg/bg=(32/96), time cost: 63.134902
			rpn_cls: 0.0192, rpn_box: 0.0071, rcnn_cls: 0.1378, rcnn_box 0.1134
[session 1][epoch  5][iter  900] loss: 0.4285, lr: 1.00e-03
			fg/bg=(32/96), time cost: 63.452211
			rpn_cls: 0.0199, rpn_box: 0.0368, rcnn_cls: 0.0858, rcnn_box 0.0765
[session 1][epoch  5][iter 1000] loss: 0.4282, lr: 1.00e-03
			fg/bg=(32/96), time cost: 63.180872
			rpn_cls: 0.0019, rpn_box: 0.0051, rcnn_cls: 0.0323, rcnn_box 0.0539
[session 1][epoch  5][iter 1100] loss: 0.4046, lr: 1.00e-03
			fg/bg=(32/96), time cost: 62.933637
			rpn_cls: 0.0256, rpn_box: 0.0116, rcnn_cls: 0.1090, rcnn_box 0.1345
[session 1][epoch  5][iter 1200] loss: 0.3570, lr: 1.00e-03
			fg/bg=(32/96), time cost: 62.929805
			rpn_cls: 0.0007, rpn_box: 0.1960, rcnn_cls: 0.4224, rcnn_box 0.1647
[session 1][epoch  5][iter 1300] loss: 0.3548, lr: 1.00e-03
			fg/bg=(32/96), time cost: 63.324794
			rpn_cls: 0.0039, rpn_box: 0.1535, rcnn_cls: 0.2872, rcnn_box 0.1561
[session 1][epoch  5][iter 1400] loss: 0.4013, lr: 1.00e-03
			fg/bg=(32/96), time cost: 63.001957
			rpn_cls: 0.0037, rpn_box: 0.1060, rcnn_cls: 0.2451, rcnn_box 0.1952
[session 1][epoch  5][iter 1500] loss: 0.3427, lr: 1.00e-03
			fg/bg=(32/96), time cost: 62.856406
			rpn_cls: 0.0080, rpn_box: 0.0071, rcnn_cls: 0.1894, rcnn_box 0.2401
[session 1][epoch  5][iter 1600] loss: 0.3715, lr: 1.00e-03
			fg/bg=(32/96), time cost: 62.989121
			rpn_cls: 0.0098, rpn_box: 0.0211, rcnn_cls: 0.3479, rcnn_box 0.2797
[session 1][epoch  5][iter 1700] loss: 0.3738, lr: 1.00e-03
			fg/bg=(32/96), time cost: 62.643842
			rpn_cls: 0.0689, rpn_box: 0.0642, rcnn_cls: 0.0587, rcnn_box 0.1270
[session 1][epoch  5][iter 1800] loss: 0.3891, lr: 1.00e-03
			fg/bg=(32/96), time cost: 62.728267
			rpn_cls: 0.0316, rpn_box: 0.0445, rcnn_cls: 0.1577, rcnn_box 0.1241
save model: ./models/res101/pascal_voc/fpn_1_5_1807.pth
5.53823709488
[session 1][epoch  6][iter    0] loss: 0.1396, lr: 1.00e-04
			fg/bg=(32/96), time cost: 0.681335
			rpn_cls: 0.0022, rpn_box: 0.0089, rcnn_cls: 0.0529, rcnn_box 0.0755
[session 1][epoch  6][iter  100] loss: 0.3309, lr: 1.00e-04
			fg/bg=(32/96), time cost: 62.783597
			rpn_cls: 0.0046, rpn_box: 0.2299, rcnn_cls: 0.0933, rcnn_box 0.0764
[session 1][epoch  6][iter  200] loss: 0.3598, lr: 1.00e-04
			fg/bg=(32/96), time cost: 62.745601
			rpn_cls: 0.0289, rpn_box: 0.0031, rcnn_cls: 0.0483, rcnn_box 0.0794
[session 1][epoch  6][iter  300] loss: 0.3160, lr: 1.00e-04
			fg/bg=(32/96), time cost: 62.864634
			rpn_cls: 0.0079, rpn_box: 0.0095, rcnn_cls: 0.2119, rcnn_box 0.1662
[session 1][epoch  6][iter  400] loss: 0.3445, lr: 1.00e-04
			fg/bg=(32/96), time cost: 62.817915
			rpn_cls: 0.0063, rpn_box: 0.0109, rcnn_cls: 0.1271, rcnn_box 0.0741
[session 1][epoch  6][iter  500] loss: 0.3213, lr: 1.00e-04
			fg/bg=(32/96), time cost: 63.598993
			rpn_cls: 0.0034, rpn_box: 0.0301, rcnn_cls: 0.0692, rcnn_box 0.0925
[session 1][epoch  6][iter  600] loss: 0.3210, lr: 1.00e-04
			fg/bg=(32/96), time cost: 63.315742
			rpn_cls: 0.0109, rpn_box: 0.0022, rcnn_cls: 0.0627, rcnn_box 0.1011
[session 1][epoch  6][iter  700] loss: 0.2790, lr: 1.00e-04
			fg/bg=(32/96), time cost: 62.728389
			rpn_cls: 0.0052, rpn_box: 0.0395, rcnn_cls: 0.0470, rcnn_box 0.1503
[session 1][epoch  6][iter  800] loss: 0.3514, lr: 1.00e-04
			fg/bg=(32/96), time cost: 62.842263
			rpn_cls: 0.0026, rpn_box: 0.1755, rcnn_cls: 0.2044, rcnn_box 0.1159
[session 1][epoch  6][iter  900] loss: 0.3169, lr: 1.00e-04
			fg/bg=(32/96), time cost: 62.670544
			rpn_cls: 0.0016, rpn_box: 0.0306, rcnn_cls: 0.0789, rcnn_box 0.1577
[session 1][epoch  6][iter 1000] loss: 0.3526, lr: 1.00e-04
			fg/bg=(32/96), time cost: 62.961330
			rpn_cls: 0.0609, rpn_box: 0.0569, rcnn_cls: 0.1908, rcnn_box 0.2735
[session 1][epoch  6][iter 1100] loss: 0.3352, lr: 1.00e-04
			fg/bg=(32/96), time cost: 63.015275
			rpn_cls: 0.0032, rpn_box: 0.0103, rcnn_cls: 0.0855, rcnn_box 0.0687
[session 1][epoch  6][iter 1200] loss: 0.3148, lr: 1.00e-04
			fg/bg=(32/96), time cost: 62.848785
			rpn_cls: 0.0072, rpn_box: 0.0615, rcnn_cls: 0.1465, rcnn_box 0.2714
[session 1][epoch  6][iter 1300] loss: 0.3374, lr: 1.00e-04
			fg/bg=(32/96), time cost: 63.411560
			rpn_cls: 0.0018, rpn_box: 0.0026, rcnn_cls: 0.0617, rcnn_box 0.0441
[session 1][epoch  6][iter 1400] loss: 0.3479, lr: 1.00e-04
			fg/bg=(32/96), time cost: 63.592077
			rpn_cls: 0.0176, rpn_box: 0.0120, rcnn_cls: 0.0716, rcnn_box 0.0664
[session 1][epoch  6][iter 1500] loss: 0.3590, lr: 1.00e-04
			fg/bg=(32/96), time cost: 63.477321
			rpn_cls: 0.0029, rpn_box: 0.0388, rcnn_cls: 0.0510, rcnn_box 0.1100
[session 1][epoch  6][iter 1600] loss: 0.3092, lr: 1.00e-04
			fg/bg=(32/96), time cost: 63.330970
			rpn_cls: 0.0073, rpn_box: 0.0196, rcnn_cls: 0.1200, rcnn_box 0.0580
[session 1][epoch  6][iter 1700] loss: 0.3250, lr: 1.00e-04
			fg/bg=(32/96), time cost: 63.194284
			rpn_cls: 0.0103, rpn_box: 0.0016, rcnn_cls: 0.0511, rcnn_box 0.0614
[session 1][epoch  6][iter 1800] loss: 0.3350, lr: 1.00e-04
			fg/bg=(32/96), time cost: 62.953573
			rpn_cls: 0.0012, rpn_box: 0.0261, rcnn_cls: 0.0641, rcnn_box 0.0855
save model: ./models/res101/pascal_voc/fpn_1_6_1807.pth
5.25479984283
[session 1][epoch  7][iter    0] loss: 0.1487, lr: 1.00e-04
			fg/bg=(32/96), time cost: 0.646534
			rpn_cls: 0.0027, rpn_box: 0.0170, rcnn_cls: 0.0492, rcnn_box 0.0799
[session 1][epoch  7][iter  100] loss: 0.3337, lr: 1.00e-04
			fg/bg=(32/96), time cost: 63.222628
			rpn_cls: 0.0080, rpn_box: 0.0278, rcnn_cls: 0.1430, rcnn_box 0.0930
[session 1][epoch  7][iter  200] loss: 0.3392, lr: 1.00e-04
			fg/bg=(32/96), time cost: 63.650263
			rpn_cls: 0.0018, rpn_box: 0.0556, rcnn_cls: 0.0664, rcnn_box 0.0752
[session 1][epoch  7][iter  300] loss: 0.3209, lr: 1.00e-04
			fg/bg=(32/96), time cost: 63.149951
			rpn_cls: 0.0024, rpn_box: 0.0122, rcnn_cls: 0.1249, rcnn_box 0.1184
[session 1][epoch  7][iter  400] loss: 0.2905, lr: 1.00e-04
			fg/bg=(32/96), time cost: 63.162041
			rpn_cls: 0.0094, rpn_box: 0.0264, rcnn_cls: 0.0597, rcnn_box 0.1276
[session 1][epoch  7][iter  500] loss: 0.3076, lr: 1.00e-04
			fg/bg=(32/96), time cost: 63.459645
			rpn_cls: 0.0024, rpn_box: 0.0177, rcnn_cls: 0.0786, rcnn_box 0.1085
[session 1][epoch  7][iter  600] loss: 0.3004, lr: 1.00e-04
			fg/bg=(32/96), time cost: 62.541867
			rpn_cls: 0.0279, rpn_box: 0.0275, rcnn_cls: 0.1241, rcnn_box 0.1649
[session 1][epoch  7][iter  700] loss: 0.3240, lr: 1.00e-04
			fg/bg=(32/96), time cost: 63.198652
			rpn_cls: 0.0004, rpn_box: 0.0047, rcnn_cls: 0.0787, rcnn_box 0.0955
[session 1][epoch  7][iter  800] loss: 0.3315, lr: 1.00e-04
			fg/bg=(32/96), time cost: 62.967700
			rpn_cls: 0.0056, rpn_box: 0.0463, rcnn_cls: 0.1855, rcnn_box 0.1755
[session 1][epoch  7][iter  900] loss: 0.3533, lr: 1.00e-04
			fg/bg=(32/96), time cost: 62.663616
			rpn_cls: 0.0032, rpn_box: 0.0430, rcnn_cls: 0.1034, rcnn_box 0.1323
[session 1][epoch  7][iter 1000] loss: 0.2955, lr: 1.00e-04
			fg/bg=(32/96), time cost: 62.853016
			rpn_cls: 0.0055, rpn_box: 0.0085, rcnn_cls: 0.1308, rcnn_box 0.0741
[session 1][epoch  7][iter 1100] loss: 0.3109, lr: 1.00e-04
			fg/bg=(32/96), time cost: 63.084291
			rpn_cls: 0.0012, rpn_box: 0.2098, rcnn_cls: 0.3070, rcnn_box 0.1787
[session 1][epoch  7][iter 1200] loss: 0.3097, lr: 1.00e-04
			fg/bg=(32/96), time cost: 62.760832
			rpn_cls: 0.0448, rpn_box: 0.2130, rcnn_cls: 0.0643, rcnn_box 0.1047
[session 1][epoch  7][iter 1300] loss: 0.3205, lr: 1.00e-04
			fg/bg=(32/96), time cost: 62.984687
			rpn_cls: 0.0489, rpn_box: 0.0780, rcnn_cls: 0.3078, rcnn_box 0.2651
[session 1][epoch  7][iter 1400] loss: 0.3301, lr: 1.00e-04
			fg/bg=(32/96), time cost: 63.149169
			rpn_cls: 0.0022, rpn_box: 0.0430, rcnn_cls: 0.1799, rcnn_box 0.1941
[session 1][epoch  7][iter 1500] loss: 0.3287, lr: 1.00e-04
			fg/bg=(32/96), time cost: 64.008436
			rpn_cls: 0.0019, rpn_box: 0.0021, rcnn_cls: 0.0667, rcnn_box 0.0912
[session 1][epoch  7][iter 1600] loss: 0.3191, lr: 1.00e-04
			fg/bg=(32/96), time cost: 63.491484
			rpn_cls: 0.0059, rpn_box: 0.0399, rcnn_cls: 0.0476, rcnn_box 0.0751
[session 1][epoch  7][iter 1700] loss: 0.3040, lr: 1.00e-04
			fg/bg=(32/96), time cost: 63.426710
			rpn_cls: 0.0015, rpn_box: 0.0039, rcnn_cls: 0.0536, rcnn_box 0.0651
[session 1][epoch  7][iter 1800] loss: 0.3039, lr: 1.00e-04
			fg/bg=(32/96), time cost: 63.432630
			rpn_cls: 0.0008, rpn_box: 0.1114, rcnn_cls: 0.3471, rcnn_box 0.2488
save model: ./models/res101/pascal_voc/fpn_1_7_1807.pth
5.31624007225
[session 1][epoch  8][iter    0] loss: 0.3113, lr: 1.00e-04
			fg/bg=(32/96), time cost: 0.620438
			rpn_cls: 0.0069, rpn_box: 0.0247, rcnn_cls: 0.1251, rcnn_box 0.1547
[session 1][epoch  8][iter  100] loss: 0.3105, lr: 1.00e-04
			fg/bg=(32/96), time cost: 63.339265
			rpn_cls: 0.0076, rpn_box: 0.0829, rcnn_cls: 0.2744, rcnn_box 0.1682
[session 1][epoch  8][iter  200] loss: 0.3337, lr: 1.00e-04
			fg/bg=(32/96), time cost: 63.429993
			rpn_cls: 0.0019, rpn_box: 0.1716, rcnn_cls: 0.3036, rcnn_box 0.1140
[session 1][epoch  8][iter  300] loss: 0.3243, lr: 1.00e-04
			fg/bg=(32/96), time cost: 62.978709
			rpn_cls: 0.0007, rpn_box: 0.0016, rcnn_cls: 0.0564, rcnn_box 0.0380
[session 1][epoch  8][iter  400] loss: 0.3349, lr: 1.00e-04
			fg/bg=(32/96), time cost: 62.717946
			rpn_cls: 0.0018, rpn_box: 0.0040, rcnn_cls: 0.0767, rcnn_box 0.0941
[session 1][epoch  8][iter  500] loss: 0.3027, lr: 1.00e-04
			fg/bg=(32/96), time cost: 63.079261
			rpn_cls: 0.0003, rpn_box: 0.0016, rcnn_cls: 0.0230, rcnn_box 0.0365
[session 1][epoch  8][iter  600] loss: 0.3133, lr: 1.00e-04
			fg/bg=(32/96), time cost: 62.395532
			rpn_cls: 0.0043, rpn_box: 0.0089, rcnn_cls: 0.0935, rcnn_box 0.0924
[session 1][epoch  8][iter  700] loss: 0.3048, lr: 1.00e-04
			fg/bg=(32/96), time cost: 62.570789
			rpn_cls: 0.0017, rpn_box: 0.1553, rcnn_cls: 0.2758, rcnn_box 0.1835
[session 1][epoch  8][iter  800] loss: 0.3025, lr: 1.00e-04
			fg/bg=(32/96), time cost: 63.828639
			rpn_cls: 0.0023, rpn_box: 0.0604, rcnn_cls: 0.0517, rcnn_box 0.1037
[session 1][epoch  8][iter  900] loss: 0.2778, lr: 1.00e-04
			fg/bg=(32/96), time cost: 63.731029
			rpn_cls: 0.0005, rpn_box: 0.0687, rcnn_cls: 0.3363, rcnn_box 0.1867
[session 1][epoch  8][iter 1000] loss: 0.3249, lr: 1.00e-04
			fg/bg=(32/96), time cost: 63.688150
			rpn_cls: 0.0026, rpn_box: 0.0107, rcnn_cls: 0.0949, rcnn_box 0.1157
[session 1][epoch  8][iter 1100] loss: 0.3085, lr: 1.00e-04
			fg/bg=(32/96), time cost: 63.348714
			rpn_cls: 0.0070, rpn_box: 0.0746, rcnn_cls: 0.1887, rcnn_box 0.1139
[session 1][epoch  8][iter 1200] loss: 0.2871, lr: 1.00e-04
			fg/bg=(32/96), time cost: 62.522702
			rpn_cls: 0.0103, rpn_box: 0.0726, rcnn_cls: 0.1125, rcnn_box 0.1383
[session 1][epoch  8][iter 1300] loss: 0.3212, lr: 1.00e-04
			fg/bg=(32/96), time cost: 62.524624
			rpn_cls: 0.0004, rpn_box: 0.0042, rcnn_cls: 0.0388, rcnn_box 0.0576
[session 1][epoch  8][iter 1400] loss: 0.3276, lr: 1.00e-04
			fg/bg=(32/96), time cost: 62.718618
			rpn_cls: 0.0608, rpn_box: 0.0252, rcnn_cls: 0.0480, rcnn_box 0.1014
[session 1][epoch  8][iter 1500] loss: 0.3120, lr: 1.00e-04
			fg/bg=(32/96), time cost: 62.733140
			rpn_cls: 0.0014, rpn_box: 0.0055, rcnn_cls: 0.0244, rcnn_box 0.0593
[session 1][epoch  8][iter 1600] loss: 0.3008, lr: 1.00e-04
			fg/bg=(32/96), time cost: 62.978798
			rpn_cls: 0.0493, rpn_box: 0.0832, rcnn_cls: 0.0814, rcnn_box 0.0915
[session 1][epoch  8][iter 1700] loss: 0.3042, lr: 1.00e-04
			fg/bg=(32/96), time cost: 63.389639
			rpn_cls: 0.0023, rpn_box: 0.0674, rcnn_cls: 0.1657, rcnn_box 0.1440
[session 1][epoch  8][iter 1800] loss: 0.2989, lr: 1.00e-04
			fg/bg=(32/96), time cost: 62.975946
			rpn_cls: 0.0008, rpn_box: 0.0044, rcnn_cls: 0.0651, rcnn_box 0.1097
save model: ./models/res101/pascal_voc/fpn_1_8_1807.pth
5.27359700203
[session 1][epoch  9][iter    0] loss: 0.2104, lr: 1.00e-04
			fg/bg=(32/96), time cost: 0.666115
			rpn_cls: 0.0049, rpn_box: 0.0068, rcnn_cls: 0.1123, rcnn_box 0.0864
[session 1][epoch  9][iter  100] loss: 0.2970, lr: 1.00e-04
			fg/bg=(32/96), time cost: 62.894896
			rpn_cls: 0.0008, rpn_box: 0.0049, rcnn_cls: 0.1372, rcnn_box 0.1557
[session 1][epoch  9][iter  200] loss: 0.3239, lr: 1.00e-04
			fg/bg=(32/96), time cost: 62.576311
			rpn_cls: 0.0007, rpn_box: 0.0051, rcnn_cls: 0.1070, rcnn_box 0.0820
[session 1][epoch  9][iter  300] loss: 0.2947, lr: 1.00e-04
			fg/bg=(32/96), time cost: 63.232668
			rpn_cls: 0.0025, rpn_box: 0.0072, rcnn_cls: 0.2038, rcnn_box 0.1473
[session 1][epoch  9][iter  400] loss: 0.2995, lr: 1.00e-04
			fg/bg=(32/96), time cost: 63.865418
			rpn_cls: 0.0031, rpn_box: 0.0034, rcnn_cls: 0.0829, rcnn_box 0.0512
[session 1][epoch  9][iter  500] loss: 0.2882, lr: 1.00e-04
			fg/bg=(32/96), time cost: 63.789135
			rpn_cls: 0.0044, rpn_box: 0.0035, rcnn_cls: 0.0490, rcnn_box 0.0792
[session 1][epoch  9][iter  600] loss: 0.3007, lr: 1.00e-04
			fg/bg=(32/96), time cost: 63.134385
			rpn_cls: 0.0219, rpn_box: 0.0242, rcnn_cls: 0.1239, rcnn_box 0.0795
[session 1][epoch  9][iter  700] loss: 0.3064, lr: 1.00e-04
			fg/bg=(32/96), time cost: 63.451867
			rpn_cls: 0.0041, rpn_box: 0.0072, rcnn_cls: 0.1125, rcnn_box 0.0815
[session 1][epoch  9][iter  800] loss: 0.2883, lr: 1.00e-04
			fg/bg=(32/96), time cost: 63.034828
			rpn_cls: 0.0149, rpn_box: 0.0384, rcnn_cls: 0.1389, rcnn_box 0.1735
[session 1][epoch  9][iter  900] loss: 0.2953, lr: 1.00e-04
			fg/bg=(32/96), time cost: 63.399352
			rpn_cls: 0.0014, rpn_box: 0.0542, rcnn_cls: 0.1555, rcnn_box 0.0881
[session 1][epoch  9][iter 1000] loss: 0.2779, lr: 1.00e-04
			fg/bg=(32/96), time cost: 64.014507
			rpn_cls: 0.0154, rpn_box: 0.0258, rcnn_cls: 0.0940, rcnn_box 0.1282
[session 1][epoch  9][iter 1100] loss: 0.2957, lr: 1.00e-04
			fg/bg=(32/96), time cost: 63.518338
			rpn_cls: 0.0006, rpn_box: 0.0409, rcnn_cls: 0.1541, rcnn_box 0.0748
[session 1][epoch  9][iter 1200] loss: 0.2863, lr: 1.00e-04
			fg/bg=(32/96), time cost: 63.707956
			rpn_cls: 0.0034, rpn_box: 0.0099, rcnn_cls: 0.0369, rcnn_box 0.0827
[session 1][epoch  9][iter 1300] loss: 0.3365, lr: 1.00e-04
			fg/bg=(32/96), time cost: 63.883241
			rpn_cls: 0.0037, rpn_box: 0.0124, rcnn_cls: 0.0440, rcnn_box 0.1317
[session 1][epoch  9][iter 1400] loss: 0.2987, lr: 1.00e-04
			fg/bg=(32/96), time cost: 62.903353
			rpn_cls: 0.0450, rpn_box: 0.0027, rcnn_cls: 0.0537, rcnn_box 0.0760
[session 1][epoch  9][iter 1500] loss: 0.3294, lr: 1.00e-04
			fg/bg=(32/96), time cost: 63.294812
			rpn_cls: 0.0005, rpn_box: 0.1259, rcnn_cls: 0.1906, rcnn_box 0.0706
[session 1][epoch  9][iter 1600] loss: 0.3089, lr: 1.00e-04
			fg/bg=(32/96), time cost: 63.966082
			rpn_cls: 0.0024, rpn_box: 0.1301, rcnn_cls: 0.2392, rcnn_box 0.2159
[session 1][epoch  9][iter 1700] loss: 0.3197, lr: 1.00e-04
			fg/bg=(32/96), time cost: 64.700683
			rpn_cls: 0.0445, rpn_box: 0.0119, rcnn_cls: 0.0465, rcnn_box 0.0807
[session 1][epoch  9][iter 1800] loss: 0.3036, lr: 1.00e-04
			fg/bg=(32/96), time cost: 64.405446
			rpn_cls: 0.0012, rpn_box: 0.0716, rcnn_cls: 0.2751, rcnn_box 0.2682
save model: ./models/res101/pascal_voc/fpn_1_9_1807.pth
5.33353209496
[session 1][epoch 10][iter    0] loss: 0.3361, lr: 1.00e-04
			fg/bg=(32/96), time cost: 0.673522
			rpn_cls: 0.0029, rpn_box: 0.0882, rcnn_cls: 0.1323, rcnn_box 0.1127
[session 1][epoch 10][iter  100] loss: 0.2818, lr: 1.00e-04
			fg/bg=(32/96), time cost: 64.005851
			rpn_cls: 0.0034, rpn_box: 0.0118, rcnn_cls: 0.0778, rcnn_box 0.0853
[session 1][epoch 10][iter  200] loss: 0.2872, lr: 1.00e-04
			fg/bg=(32/96), time cost: 64.386585
			rpn_cls: 0.0020, rpn_box: 0.0117, rcnn_cls: 0.0587, rcnn_box 0.0568
[session 1][epoch 10][iter  300] loss: 0.2972, lr: 1.00e-04
			fg/bg=(32/96), time cost: 64.568381
			rpn_cls: 0.0022, rpn_box: 0.0268, rcnn_cls: 0.1142, rcnn_box 0.1067
[session 1][epoch 10][iter  400] loss: 0.2795, lr: 1.00e-04
			fg/bg=(32/96), time cost: 64.522344
			rpn_cls: 0.0079, rpn_box: 0.0273, rcnn_cls: 0.1782, rcnn_box 0.2081
[session 1][epoch 10][iter  500] loss: 0.3364, lr: 1.00e-04
			fg/bg=(32/96), time cost: 64.236541
			rpn_cls: 0.0187, rpn_box: 0.0388, rcnn_cls: 0.1082, rcnn_box 0.0605
[session 1][epoch 10][iter  600] loss: 0.2701, lr: 1.00e-04
			fg/bg=(32/96), time cost: 64.108453
			rpn_cls: 0.0005, rpn_box: 0.0829, rcnn_cls: 0.1919, rcnn_box 0.1180
[session 1][epoch 10][iter  700] loss: 0.2843, lr: 1.00e-04
			fg/bg=(32/96), time cost: 63.526608
			rpn_cls: 0.0006, rpn_box: 0.0735, rcnn_cls: 0.1742, rcnn_box 0.1921
[session 1][epoch 10][iter  800] loss: 0.3319, lr: 1.00e-04
			fg/bg=(32/96), time cost: 63.757411
			rpn_cls: 0.0030, rpn_box: 0.1185, rcnn_cls: 0.2998, rcnn_box 0.1679
[session 1][epoch 10][iter  900] loss: 0.3248, lr: 1.00e-04
			fg/bg=(32/96), time cost: 64.224050
			rpn_cls: 0.0012, rpn_box: 0.1648, rcnn_cls: 0.3395, rcnn_box 0.2074
[session 1][epoch 10][iter 1000] loss: 0.3069, lr: 1.00e-04
			fg/bg=(32/96), time cost: 63.706486
			rpn_cls: 0.0018, rpn_box: 0.2029, rcnn_cls: 0.1971, rcnn_box 0.0965
[session 1][epoch 10][iter 1100] loss: 0.2669, lr: 1.00e-04
			fg/bg=(32/96), time cost: 64.177261
			rpn_cls: 0.0152, rpn_box: 0.0406, rcnn_cls: 0.0511, rcnn_box 0.0751
[session 1][epoch 10][iter 1200] loss: 0.3146, lr: 1.00e-04
			fg/bg=(32/96), time cost: 63.792678
			rpn_cls: 0.0017, rpn_box: 0.0601, rcnn_cls: 0.1594, rcnn_box 0.1510
[session 1][epoch 10][iter 1300] loss: 0.3022, lr: 1.00e-04
			fg/bg=(32/96), time cost: 63.278518
			rpn_cls: 0.0079, rpn_box: 0.0135, rcnn_cls: 0.0681, rcnn_box 0.0864
[session 1][epoch 10][iter 1400] loss: 0.3136, lr: 1.00e-04
			fg/bg=(32/96), time cost: 63.653084
			rpn_cls: 0.0044, rpn_box: 0.0054, rcnn_cls: 0.0174, rcnn_box 0.0652
[session 1][epoch 10][iter 1500] loss: 0.2917, lr: 1.00e-04
			fg/bg=(32/96), time cost: 63.884887
			rpn_cls: 0.0201, rpn_box: 0.0165, rcnn_cls: 0.0478, rcnn_box 0.1169
[session 1][epoch 10][iter 1600] loss: 0.3234, lr: 1.00e-04
			fg/bg=(32/96), time cost: 63.780322
			rpn_cls: 0.0020, rpn_box: 0.0695, rcnn_cls: 0.0377, rcnn_box 0.0807
[session 1][epoch 10][iter 1700] loss: 0.3302, lr: 1.00e-04
			fg/bg=(32/96), time cost: 63.652407
			rpn_cls: 0.0036, rpn_box: 0.1135, rcnn_cls: 0.1869, rcnn_box 0.1574
[session 1][epoch 10][iter 1800] loss: 0.2701, lr: 1.00e-04
			fg/bg=(32/96), time cost: 63.704837
			rpn_cls: 0.0067, rpn_box: 0.0201, rcnn_cls: 0.1444, rcnn_box 0.0499
save model: ./models/res101/pascal_voc/fpn_1_10_1807.pth
5.34524798393
[session 1][epoch 11][iter    0] loss: 0.1095, lr: 1.00e-04
			fg/bg=(32/96), time cost: 0.672039
			rpn_cls: 0.0012, rpn_box: 0.0156, rcnn_cls: 0.0466, rcnn_box 0.0461
[session 1][epoch 11][iter  100] loss: 0.3099, lr: 1.00e-04
			fg/bg=(32/96), time cost: 63.595625
			rpn_cls: 0.0118, rpn_box: 0.0346, rcnn_cls: 0.0633, rcnn_box 0.0669
[session 1][epoch 11][iter  200] loss: 0.3172, lr: 1.00e-04
			fg/bg=(32/96), time cost: 63.577995
			rpn_cls: 0.0031, rpn_box: 0.0512, rcnn_cls: 0.0703, rcnn_box 0.0984
[session 1][epoch 11][iter  300] loss: 0.2678, lr: 1.00e-04
			fg/bg=(32/96), time cost: 63.508090
			rpn_cls: 0.0019, rpn_box: 0.0575, rcnn_cls: 0.0367, rcnn_box 0.0899
[session 1][epoch 11][iter  400] loss: 0.3083, lr: 1.00e-04
			fg/bg=(32/96), time cost: 63.262209
			rpn_cls: 0.0178, rpn_box: 0.0388, rcnn_cls: 0.3125, rcnn_box 0.2501
[session 1][epoch 11][iter  500] loss: 0.2639, lr: 1.00e-04
			fg/bg=(32/96), time cost: 63.270110
			rpn_cls: 0.0324, rpn_box: 0.0670, rcnn_cls: 0.2681, rcnn_box 0.2597
[session 1][epoch 11][iter  600] loss: 0.2688, lr: 1.00e-04
			fg/bg=(32/96), time cost: 63.015592
			rpn_cls: 0.0092, rpn_box: 0.0051, rcnn_cls: 0.0739, rcnn_box 0.1277
[session 1][epoch 11][iter  700] loss: 0.2698, lr: 1.00e-04
			fg/bg=(32/96), time cost: 63.174684
			rpn_cls: 0.0025, rpn_box: 0.0184, rcnn_cls: 0.0577, rcnn_box 0.0924
[session 1][epoch 11][iter  800] loss: 0.2797, lr: 1.00e-04
			fg/bg=(32/96), time cost: 63.402090
			rpn_cls: 0.0041, rpn_box: 0.0903, rcnn_cls: 0.2230, rcnn_box 0.0891
[session 1][epoch 11][iter  900] loss: 0.3129, lr: 1.00e-04
			fg/bg=(32/96), time cost: 62.991432
			rpn_cls: 0.0137, rpn_box: 0.0029, rcnn_cls: 0.0092, rcnn_box 0.0343
[session 1][epoch 11][iter 1000] loss: 0.2885, lr: 1.00e-04
			fg/bg=(32/96), time cost: 63.194703
			rpn_cls: 0.0002, rpn_box: 0.0039, rcnn_cls: 0.0689, rcnn_box 0.0432
[session 1][epoch 11][iter 1100] loss: 0.3227, lr: 1.00e-04
			fg/bg=(32/96), time cost: 63.640643
			rpn_cls: 0.0018, rpn_box: 0.0899, rcnn_cls: 0.1923, rcnn_box 0.2418
[session 1][epoch 11][iter 1200] loss: 0.2939, lr: 1.00e-04
			fg/bg=(32/96), time cost: 62.933293
			rpn_cls: 0.0009, rpn_box: 0.0036, rcnn_cls: 0.0667, rcnn_box 0.0951
[session 1][epoch 11][iter 1300] loss: 0.3041, lr: 1.00e-04
			fg/bg=(32/96), time cost: 63.052110
			rpn_cls: 0.0008, rpn_box: 0.0057, rcnn_cls: 0.0573, rcnn_box 0.0514
[session 1][epoch 11][iter 1400] loss: 0.2849, lr: 1.00e-04
			fg/bg=(32/96), time cost: 63.133186
			rpn_cls: 0.0320, rpn_box: 0.0336, rcnn_cls: 0.0215, rcnn_box 0.0489
[session 1][epoch 11][iter 1500] loss: 0.3101, lr: 1.00e-04
			fg/bg=(32/96), time cost: 63.160388
			rpn_cls: 0.0005, rpn_box: 0.0524, rcnn_cls: 0.2376, rcnn_box 0.2156
[session 1][epoch 11][iter 1600] loss: 0.3243, lr: 1.00e-04
			fg/bg=(32/96), time cost: 63.008756
			rpn_cls: 0.0222, rpn_box: 0.0135, rcnn_cls: 0.0219, rcnn_box 0.0996
[session 1][epoch 11][iter 1700] loss: 0.2742, lr: 1.00e-04
			fg/bg=(32/96), time cost: 63.249027
			rpn_cls: 0.0006, rpn_box: 0.1067, rcnn_cls: 0.2945, rcnn_box 0.1766
[session 1][epoch 11][iter 1800] loss: 0.3071, lr: 1.00e-04
			fg/bg=(32/96), time cost: 63.970838
			rpn_cls: 0.0004, rpn_box: 0.0987, rcnn_cls: 0.2502, rcnn_box 0.2537
save model: ./models/res101/pascal_voc/fpn_1_11_1807.pth
5.24175286293
[session 1][epoch 12][iter    0] loss: 0.7300, lr: 1.00e-05
			fg/bg=(32/96), time cost: 0.636043
			rpn_cls: 0.0031, rpn_box: 0.0497, rcnn_cls: 0.5480, rcnn_box 0.1293
[session 1][epoch 12][iter  100] loss: 0.3145, lr: 1.00e-05
			fg/bg=(32/96), time cost: 64.206295
			rpn_cls: 0.0013, rpn_box: 0.0881, rcnn_cls: 0.2243, rcnn_box 0.2841
[session 1][epoch 12][iter  200] loss: 0.2788, lr: 1.00e-05
			fg/bg=(32/96), time cost: 63.673661
			rpn_cls: 0.0008, rpn_box: 0.0178, rcnn_cls: 0.0701, rcnn_box 0.0696
[session 1][epoch 12][iter  300] loss: 0.3047, lr: 1.00e-05
			fg/bg=(32/96), time cost: 63.724941
			rpn_cls: 0.0005, rpn_box: 0.0042, rcnn_cls: 0.0364, rcnn_box 0.0562
[session 1][epoch 12][iter  400] loss: 0.2792, lr: 1.00e-05
			fg/bg=(32/96), time cost: 63.928021
			rpn_cls: 0.0006, rpn_box: 0.0419, rcnn_cls: 0.2032, rcnn_box 0.1175
[session 1][epoch 12][iter  500] loss: 0.2754, lr: 1.00e-05
			fg/bg=(32/96), time cost: 63.744816
			rpn_cls: 0.0014, rpn_box: 0.0149, rcnn_cls: 0.0364, rcnn_box 0.0848
[session 1][epoch 12][iter  600] loss: 0.2841, lr: 1.00e-05
			fg/bg=(32/96), time cost: 63.690378
			rpn_cls: 0.0001, rpn_box: 0.0052, rcnn_cls: 0.0539, rcnn_box 0.0669
[session 1][epoch 12][iter  700] loss: 0.3020, lr: 1.00e-05
			fg/bg=(32/96), time cost: 63.502255
			rpn_cls: 0.0771, rpn_box: 0.0127, rcnn_cls: 0.0288, rcnn_box 0.0843
[session 1][epoch 12][iter  800] loss: 0.2989, lr: 1.00e-05
			fg/bg=(32/96), time cost: 63.319235
			rpn_cls: 0.0051, rpn_box: 0.0116, rcnn_cls: 0.0504, rcnn_box 0.0610
[session 1][epoch 12][iter  900] loss: 0.2970, lr: 1.00e-05
			fg/bg=(32/96), time cost: 62.922830
			rpn_cls: 0.0020, rpn_box: 0.0113, rcnn_cls: 0.0746, rcnn_box 0.0700
[session 1][epoch 12][iter 1000] loss: 0.2898, lr: 1.00e-05
			fg/bg=(32/96), time cost: 63.381888
			rpn_cls: 0.0004, rpn_box: 0.0066, rcnn_cls: 0.0375, rcnn_box 0.0522
[session 1][epoch 12][iter 1100] loss: 0.2832, lr: 1.00e-05
			fg/bg=(32/96), time cost: 63.135235
			rpn_cls: 0.0008, rpn_box: 0.0031, rcnn_cls: 0.0705, rcnn_box 0.0468
[session 1][epoch 12][iter 1200] loss: 0.2901, lr: 1.00e-05
			fg/bg=(32/96), time cost: 63.114615
			rpn_cls: 0.0014, rpn_box: 0.0416, rcnn_cls: 0.0293, rcnn_box 0.0861
[session 1][epoch 12][iter 1300] loss: 0.2858, lr: 1.00e-05
			fg/bg=(32/96), time cost: 62.951747
			rpn_cls: 0.0010, rpn_box: 0.0944, rcnn_cls: 0.1975, rcnn_box 0.2566
[session 1][epoch 12][iter 1400] loss: 0.2992, lr: 1.00e-05
			fg/bg=(32/96), time cost: 62.811533
			rpn_cls: 0.0007, rpn_box: 0.1387, rcnn_cls: 0.2787, rcnn_box 0.1810
[session 1][epoch 12][iter 1500] loss: 0.2701, lr: 1.00e-05
			fg/bg=(32/96), time cost: 63.338625
			rpn_cls: 0.0077, rpn_box: 0.0028, rcnn_cls: 0.0578, rcnn_box 0.0496
[session 1][epoch 12][iter 1600] loss: 0.2919, lr: 1.00e-05
			fg/bg=(32/96), time cost: 63.328851
			rpn_cls: 0.0001, rpn_box: 0.0010, rcnn_cls: 0.0418, rcnn_box 0.0454
[session 1][epoch 12][iter 1700] loss: 0.2664, lr: 1.00e-05
			fg/bg=(32/96), time cost: 64.247297
			rpn_cls: 0.0018, rpn_box: 0.1130, rcnn_cls: 0.2376, rcnn_box 0.1616
[session 1][epoch 12][iter 1800] loss: 0.2658, lr: 1.00e-05
			fg/bg=(32/96), time cost: 64.244737
			rpn_cls: 0.0009, rpn_box: 0.0024, rcnn_cls: 0.0594, rcnn_box 0.0846
save model: ./models/res101/pascal_voc/fpn_1_12_1807.pth
5.37839317322
[session 1][epoch 13][iter    0] loss: 0.5191, lr: 1.00e-05
			fg/bg=(32/96), time cost: 0.652853
			rpn_cls: 0.0675, rpn_box: 0.0447, rcnn_cls: 0.1968, rcnn_box 0.2100
[session 1][epoch 13][iter  100] loss: 0.3117, lr: 1.00e-05
			fg/bg=(32/96), time cost: 64.032534
			rpn_cls: 0.0117, rpn_box: 0.0047, rcnn_cls: 0.0549, rcnn_box 0.0747
[session 1][epoch 13][iter  200] loss: 0.2833, lr: 1.00e-05
			fg/bg=(32/96), time cost: 64.162350
			rpn_cls: 0.0045, rpn_box: 0.0256, rcnn_cls: 0.0862, rcnn_box 0.0760
[session 1][epoch 13][iter  300] loss: 0.3264, lr: 1.00e-05
			fg/bg=(32/96), time cost: 63.901878
			rpn_cls: 0.0006, rpn_box: 0.0184, rcnn_cls: 0.0523, rcnn_box 0.0733
[session 1][epoch 13][iter  400] loss: 0.3140, lr: 1.00e-05
			fg/bg=(32/96), time cost: 62.923537
			rpn_cls: 0.0010, rpn_box: 0.1181, rcnn_cls: 0.3888, rcnn_box 0.2126
[session 1][epoch 13][iter  500] loss: 0.3041, lr: 1.00e-05
			fg/bg=(32/96), time cost: 63.492485
			rpn_cls: 0.0023, rpn_box: 0.0486, rcnn_cls: 0.1601, rcnn_box 0.1142
[session 1][epoch 13][iter  600] loss: 0.2983, lr: 1.00e-05
			fg/bg=(32/96), time cost: 63.374051
			rpn_cls: 0.0125, rpn_box: 0.0800, rcnn_cls: 0.4153, rcnn_box 0.3114
[session 1][epoch 13][iter  700] loss: 0.3012, lr: 1.00e-05
			fg/bg=(32/96), time cost: 63.046882
			rpn_cls: 0.0007, rpn_box: 0.2346, rcnn_cls: 0.2184, rcnn_box 0.1186
[session 1][epoch 13][iter  800] loss: 0.2939, lr: 1.00e-05
			fg/bg=(32/96), time cost: 63.115526
			rpn_cls: 0.0073, rpn_box: 0.0290, rcnn_cls: 0.4490, rcnn_box 0.3646
[session 1][epoch 13][iter  900] loss: 0.2781, lr: 1.00e-05
			fg/bg=(32/96), time cost: 63.330462
			rpn_cls: 0.0086, rpn_box: 0.1349, rcnn_cls: 0.4442, rcnn_box 0.2561
[session 1][epoch 13][iter 1000] loss: 0.2363, lr: 1.00e-05
			fg/bg=(32/96), time cost: 63.881193
			rpn_cls: 0.0011, rpn_box: 0.0023, rcnn_cls: 0.1033, rcnn_box 0.1167
[session 1][epoch 13][iter 1100] loss: 0.2513, lr: 1.00e-05
			fg/bg=(32/96), time cost: 63.847307
			rpn_cls: 0.0017, rpn_box: 0.0172, rcnn_cls: 0.0561, rcnn_box 0.0619
[session 1][epoch 13][iter 1200] loss: 0.3023, lr: 1.00e-05
			fg/bg=(32/96), time cost: 63.367905
			rpn_cls: 0.0040, rpn_box: 0.0123, rcnn_cls: 0.0362, rcnn_box 0.0828
[session 1][epoch 13][iter 1300] loss: 0.2947, lr: 1.00e-05
			fg/bg=(32/96), time cost: 63.537844
			rpn_cls: 0.0005, rpn_box: 0.0559, rcnn_cls: 0.2157, rcnn_box 0.1630
[session 1][epoch 13][iter 1400] loss: 0.2656, lr: 1.00e-05
			fg/bg=(32/96), time cost: 63.482189
			rpn_cls: 0.0152, rpn_box: 0.0106, rcnn_cls: 0.1197, rcnn_box 0.0425
[session 1][epoch 13][iter 1500] loss: 0.2918, lr: 1.00e-05
			fg/bg=(32/96), time cost: 63.804113
			rpn_cls: 0.0020, rpn_box: 0.0082, rcnn_cls: 0.0949, rcnn_box 0.0434
[session 1][epoch 13][iter 1600] loss: 0.3006, lr: 1.00e-05
			fg/bg=(32/96), time cost: 63.878936
			rpn_cls: 0.0055, rpn_box: 0.0978, rcnn_cls: 0.2355, rcnn_box 0.2190
[session 1][epoch 13][iter 1700] loss: 0.3135, lr: 1.00e-05
			fg/bg=(32/96), time cost: 63.980458
			rpn_cls: 0.0007, rpn_box: 0.1451, rcnn_cls: 0.1976, rcnn_box 0.1715
[session 1][epoch 13][iter 1800] loss: 0.2923, lr: 1.00e-05
			fg/bg=(32/96), time cost: 63.697887
			rpn_cls: 0.0101, rpn_box: 0.0400, rcnn_cls: 0.1097, rcnn_box 0.1041
save model: ./models/res101/pascal_voc/fpn_1_13_1807.pth
5.34389090538
[session 1][epoch 14][iter    0] loss: 0.2515, lr: 1.00e-05
			fg/bg=(32/96), time cost: 0.674293
			rpn_cls: 0.0311, rpn_box: 0.0245, rcnn_cls: 0.0964, rcnn_box 0.0995
[session 1][epoch 14][iter  100] loss: 0.3195, lr: 1.00e-05
			fg/bg=(32/96), time cost: 64.304836
			rpn_cls: 0.0303, rpn_box: 0.0064, rcnn_cls: 0.0470, rcnn_box 0.1100
[session 1][epoch 14][iter  200] loss: 0.2924, lr: 1.00e-05
			fg/bg=(32/96), time cost: 63.508804
			rpn_cls: 0.0005, rpn_box: 0.0995, rcnn_cls: 0.2986, rcnn_box 0.1683
[session 1][epoch 14][iter  300] loss: 0.2787, lr: 1.00e-05
			fg/bg=(32/96), time cost: 63.239778
			rpn_cls: 0.0270, rpn_box: 0.0053, rcnn_cls: 0.0469, rcnn_box 0.0490
[session 1][epoch 14][iter  400] loss: 0.2872, lr: 1.00e-05
			fg/bg=(32/96), time cost: 63.466068
			rpn_cls: 0.0003, rpn_box: 0.1189, rcnn_cls: 0.2722, rcnn_box 0.1477
[session 1][epoch 14][iter  500] loss: 0.2913, lr: 1.00e-05
			fg/bg=(32/96), time cost: 63.355066
			rpn_cls: 0.0045, rpn_box: 0.0109, rcnn_cls: 0.0905, rcnn_box 0.0509
[session 1][epoch 14][iter  600] loss: 0.2777, lr: 1.00e-05
			fg/bg=(32/96), time cost: 63.546736
			rpn_cls: 0.0250, rpn_box: 0.0049, rcnn_cls: 0.0681, rcnn_box 0.0622
[session 1][epoch 14][iter  700] loss: 0.2899, lr: 1.00e-05
			fg/bg=(32/96), time cost: 64.086217
			rpn_cls: 0.0010, rpn_box: 0.0736, rcnn_cls: 0.2442, rcnn_box 0.2413
[session 1][epoch 14][iter  800] loss: 0.3024, lr: 1.00e-05
			fg/bg=(32/96), time cost: 63.154108
			rpn_cls: 0.0277, rpn_box: 0.0078, rcnn_cls: 0.1416, rcnn_box 0.0841
[session 1][epoch 14][iter  900] loss: 0.3107, lr: 1.00e-05
			fg/bg=(32/96), time cost: 63.619595
			rpn_cls: 0.0034, rpn_box: 0.0032, rcnn_cls: 0.0537, rcnn_box 0.0582
[session 1][epoch 14][iter 1000] loss: 0.2932, lr: 1.00e-05
			fg/bg=(32/96), time cost: 63.703710
			rpn_cls: 0.0504, rpn_box: 0.0397, rcnn_cls: 0.5286, rcnn_box 0.4521
[session 1][epoch 14][iter 1100] loss: 0.2925, lr: 1.00e-05
			fg/bg=(32/96), time cost: 64.006625
			rpn_cls: 0.0031, rpn_box: 0.0112, rcnn_cls: 0.0383, rcnn_box 0.0771
[session 1][epoch 14][iter 1200] loss: 0.3358, lr: 1.00e-05
			fg/bg=(32/96), time cost: 63.895311
			rpn_cls: 0.0083, rpn_box: 0.0065, rcnn_cls: 0.0752, rcnn_box 0.1596
[session 1][epoch 14][iter 1300] loss: 0.2706, lr: 1.00e-05
			fg/bg=(32/96), time cost: 63.265749
			rpn_cls: 0.0028, rpn_box: 0.0233, rcnn_cls: 0.0284, rcnn_box 0.0879
[session 1][epoch 14][iter 1400] loss: 0.2605, lr: 1.00e-05
			fg/bg=(32/96), time cost: 62.897825
			rpn_cls: 0.0230, rpn_box: 0.0081, rcnn_cls: 0.0902, rcnn_box 0.0781
[session 1][epoch 14][iter 1500] loss: 0.3337, lr: 1.00e-05
			fg/bg=(32/96), time cost: 62.909055
			rpn_cls: 0.0006, rpn_box: 0.0017, rcnn_cls: 0.0720, rcnn_box 0.0463
[session 1][epoch 14][iter 1600] loss: 0.2622, lr: 1.00e-05
			fg/bg=(32/96), time cost: 63.466814
			rpn_cls: 0.0140, rpn_box: 0.0042, rcnn_cls: 0.0741, rcnn_box 0.0283
[session 1][epoch 14][iter 1700] loss: 0.3066, lr: 1.00e-05
			fg/bg=(32/96), time cost: 62.840477
			rpn_cls: 0.0007, rpn_box: 0.1054, rcnn_cls: 0.2298, rcnn_box 0.1374
[session 1][epoch 14][iter 1800] loss: 0.2512, lr: 1.00e-05
			fg/bg=(32/96), time cost: 62.848918
			rpn_cls: 0.0478, rpn_box: 0.0182, rcnn_cls: 0.0438, rcnn_box 0.0732
save model: ./models/res101/pascal_voc/fpn_1_14_1807.pth
5.34553098679
[session 1][epoch 15][iter    0] loss: 0.3041, lr: 1.00e-05
			fg/bg=(32/96), time cost: 0.654594
			rpn_cls: 0.0009, rpn_box: 0.0103, rcnn_cls: 0.1854, rcnn_box 0.1075
[session 1][epoch 15][iter  100] loss: 0.2788, lr: 1.00e-05
			fg/bg=(32/96), time cost: 63.301041
			rpn_cls: 0.0296, rpn_box: 0.0065, rcnn_cls: 0.0665, rcnn_box 0.0555
[session 1][epoch 15][iter  200] loss: 0.2824, lr: 1.00e-05
			fg/bg=(32/96), time cost: 63.468933
			rpn_cls: 0.0159, rpn_box: 0.0262, rcnn_cls: 0.0695, rcnn_box 0.0841
[session 1][epoch 15][iter  300] loss: 0.2811, lr: 1.00e-05
			fg/bg=(32/96), time cost: 63.730999
			rpn_cls: 0.0264, rpn_box: 0.0528, rcnn_cls: 0.1889, rcnn_box 0.1808
[session 1][epoch 15][iter  400] loss: 0.2980, lr: 1.00e-05
			fg/bg=(32/96), time cost: 64.176773
			rpn_cls: 0.0031, rpn_box: 0.0120, rcnn_cls: 0.0118, rcnn_box 0.0587
[session 1][epoch 15][iter  500] loss: 0.2496, lr: 1.00e-05
			fg/bg=(32/96), time cost: 63.751746
			rpn_cls: 0.0005, rpn_box: 0.1549, rcnn_cls: 0.3490, rcnn_box 0.2425
[session 1][epoch 15][iter  600] loss: 0.2667, lr: 1.00e-05
			fg/bg=(32/96), time cost: 63.894998
			rpn_cls: 0.0340, rpn_box: 0.0490, rcnn_cls: 0.2542, rcnn_box 0.1659
[session 1][epoch 15][iter  700] loss: 0.2777, lr: 1.00e-05
			fg/bg=(32/96), time cost: 64.013485
			rpn_cls: 0.0017, rpn_box: 0.1171, rcnn_cls: 0.2600, rcnn_box 0.1731
[session 1][epoch 15][iter  800] loss: 0.3279, lr: 1.00e-05
			fg/bg=(32/96), time cost: 63.225163
			rpn_cls: 0.0019, rpn_box: 0.0118, rcnn_cls: 0.0276, rcnn_box 0.0837
[session 1][epoch 15][iter  900] loss: 0.2909, lr: 1.00e-05
			fg/bg=(32/96), time cost: 63.029323
			rpn_cls: 0.0095, rpn_box: 0.0499, rcnn_cls: 0.0795, rcnn_box 0.0731
[session 1][epoch 15][iter 1000] loss: 0.2994, lr: 1.00e-05
			fg/bg=(32/96), time cost: 63.279763
			rpn_cls: 0.0059, rpn_box: 0.0209, rcnn_cls: 0.1099, rcnn_box 0.0629
[session 1][epoch 15][iter 1100] loss: 0.3300, lr: 1.00e-05
			fg/bg=(32/96), time cost: 63.543056
			rpn_cls: 0.0048, rpn_box: 0.0028, rcnn_cls: 0.0593, rcnn_box 0.0572
[session 1][epoch 15][iter 1200] loss: 0.3072, lr: 1.00e-05
			fg/bg=(32/96), time cost: 63.484551
			rpn_cls: 0.0052, rpn_box: 0.0072, rcnn_cls: 0.0615, rcnn_box 0.0651
[session 1][epoch 15][iter 1300] loss: 0.3038, lr: 1.00e-05
			fg/bg=(32/96), time cost: 63.638494
			rpn_cls: 0.0217, rpn_box: 0.0032, rcnn_cls: 0.0206, rcnn_box 0.0427
[session 1][epoch 15][iter 1400] loss: 0.2973, lr: 1.00e-05
			fg/bg=(32/96), time cost: 63.895004
			rpn_cls: 0.0277, rpn_box: 0.0105, rcnn_cls: 0.0713, rcnn_box 0.0948
[session 1][epoch 15][iter 1500] loss: 0.2830, lr: 1.00e-05
			fg/bg=(32/96), time cost: 63.762567
			rpn_cls: 0.0009, rpn_box: 0.0982, rcnn_cls: 0.3385, rcnn_box 0.1240
[session 1][epoch 15][iter 1600] loss: 0.3000, lr: 1.00e-05
			fg/bg=(32/96), time cost: 64.666579
			rpn_cls: 0.0015, rpn_box: 0.0503, rcnn_cls: 0.1521, rcnn_box 0.1372
[session 1][epoch 15][iter 1700] loss: 0.2835, lr: 1.00e-05
			fg/bg=(32/96), time cost: 64.458103
			rpn_cls: 0.0040, rpn_box: 0.0132, rcnn_cls: 0.1174, rcnn_box 0.1117
[session 1][epoch 15][iter 1800] loss: 0.2647, lr: 1.00e-05
			fg/bg=(32/96), time cost: 64.520531
			rpn_cls: 0.0004, rpn_box: 0.0029, rcnn_cls: 0.0726, rcnn_box 0.0497
save model: ./models/res101/pascal_voc/fpn_1_15_1807.pth
5.3743519783
[session 1][epoch 16][iter    0] loss: 0.3189, lr: 1.00e-05
			fg/bg=(32/96), time cost: 0.636032
			rpn_cls: 0.0313, rpn_box: 0.0186, rcnn_cls: 0.1002, rcnn_box 0.1687
[session 1][epoch 16][iter  100] loss: 0.3030, lr: 1.00e-05
			fg/bg=(32/96), time cost: 64.198712
			rpn_cls: 0.0070, rpn_box: 0.0648, rcnn_cls: 0.0524, rcnn_box 0.1307
[session 1][epoch 16][iter  200] loss: 0.3135, lr: 1.00e-05
			fg/bg=(32/96), time cost: 64.315293
			rpn_cls: 0.0182, rpn_box: 0.0384, rcnn_cls: 0.4320, rcnn_box 0.2298
[session 1][epoch 16][iter  300] loss: 0.2818, lr: 1.00e-05
			fg/bg=(32/96), time cost: 64.666457
			rpn_cls: 0.0023, rpn_box: 0.0322, rcnn_cls: 0.0592, rcnn_box 0.0805
[session 1][epoch 16][iter  400] loss: 0.2766, lr: 1.00e-05
			fg/bg=(32/96), time cost: 64.719319
			rpn_cls: 0.0148, rpn_box: 0.0097, rcnn_cls: 0.0249, rcnn_box 0.0531
[session 1][epoch 16][iter  500] loss: 0.2939, lr: 1.00e-05
			fg/bg=(32/96), time cost: 64.392112
			rpn_cls: 0.0083, rpn_box: 0.0709, rcnn_cls: 0.2578, rcnn_box 0.1480
[session 1][epoch 16][iter  600] loss: 0.2821, lr: 1.00e-05
			fg/bg=(32/96), time cost: 64.434644
			rpn_cls: 0.0229, rpn_box: 0.0529, rcnn_cls: 0.1199, rcnn_box 0.0989
[session 1][epoch 16][iter  700] loss: 0.2930, lr: 1.00e-05
			fg/bg=(32/96), time cost: 64.143683
			rpn_cls: 0.0271, rpn_box: 0.0107, rcnn_cls: 0.0446, rcnn_box 0.0512
[session 1][epoch 16][iter  800] loss: 0.2857, lr: 1.00e-05
			fg/bg=(32/96), time cost: 63.875780
			rpn_cls: 0.0112, rpn_box: 0.0053, rcnn_cls: 0.1389, rcnn_box 0.0450
[session 1][epoch 16][iter  900] loss: 0.2594, lr: 1.00e-05
			fg/bg=(32/96), time cost: 64.219108
			rpn_cls: 0.0280, rpn_box: 0.0241, rcnn_cls: 0.1201, rcnn_box 0.0857
[session 1][epoch 16][iter 1000] loss: 0.2941, lr: 1.00e-05
			fg/bg=(32/96), time cost: 64.323540
			rpn_cls: 0.0073, rpn_box: 0.0069, rcnn_cls: 0.0650, rcnn_box 0.0480
[session 1][epoch 16][iter 1100] loss: 0.2759, lr: 1.00e-05
			fg/bg=(32/96), time cost: 64.103774
			rpn_cls: 0.0004, rpn_box: 0.0919, rcnn_cls: 0.2848, rcnn_box 0.2175
[session 1][epoch 16][iter 1200] loss: 0.2620, lr: 1.00e-05
			fg/bg=(32/96), time cost: 64.305763
			rpn_cls: 0.0018, rpn_box: 0.0101, rcnn_cls: 0.1211, rcnn_box 0.1280
[session 1][epoch 16][iter 1300] loss: 0.2979, lr: 1.00e-05
			fg/bg=(32/96), time cost: 64.095181
			rpn_cls: 0.0127, rpn_box: 0.0089, rcnn_cls: 0.0357, rcnn_box 0.0646
[session 1][epoch 16][iter 1400] loss: 0.3107, lr: 1.00e-05
			fg/bg=(32/96), time cost: 64.014180
			rpn_cls: 0.0015, rpn_box: 0.0064, rcnn_cls: 0.0655, rcnn_box 0.0322
[session 1][epoch 16][iter 1500] loss: 0.2608, lr: 1.00e-05
			fg/bg=(32/96), time cost: 63.543748
			rpn_cls: 0.0394, rpn_box: 0.0492, rcnn_cls: 0.0646, rcnn_box 0.0829
[session 1][epoch 16][iter 1600] loss: 0.2871, lr: 1.00e-05
			fg/bg=(32/96), time cost: 63.909756
			rpn_cls: 0.0218, rpn_box: 0.0189, rcnn_cls: 0.1513, rcnn_box 0.0958
[session 1][epoch 16][iter 1700] loss: 0.2833, lr: 1.00e-05
			fg/bg=(32/96), time cost: 63.375623
			rpn_cls: 0.0002, rpn_box: 0.0006, rcnn_cls: 0.0921, rcnn_box 0.0361
[session 1][epoch 16][iter 1800] loss: 0.2527, lr: 1.00e-05
			fg/bg=(32/96), time cost: 62.996262
			rpn_cls: 0.0054, rpn_box: 0.0249, rcnn_cls: 0.1141, rcnn_box 0.1082
save model: ./models/res101/pascal_voc/fpn_1_16_1807.pth
5.38325595856
[session 1][epoch 17][iter    0] loss: 0.5150, lr: 1.00e-05
			fg/bg=(32/96), time cost: 0.636006
			rpn_cls: 0.0005, rpn_box: 0.1473, rcnn_cls: 0.1567, rcnn_box 0.2106
[session 1][epoch 17][iter  100] loss: 0.3197, lr: 1.00e-05
			fg/bg=(32/96), time cost: 63.912257
			rpn_cls: 0.0065, rpn_box: 0.0644, rcnn_cls: 0.1698, rcnn_box 0.1894
[session 1][epoch 17][iter  200] loss: 0.2613, lr: 1.00e-05
			fg/bg=(32/96), time cost: 63.489519
			rpn_cls: 0.0001, rpn_box: 0.0005, rcnn_cls: 0.0296, rcnn_box 0.0484
[session 1][epoch 17][iter  300] loss: 0.2819, lr: 1.00e-05
			fg/bg=(32/96), time cost: 63.575445
			rpn_cls: 0.0020, rpn_box: 0.0983, rcnn_cls: 0.1829, rcnn_box 0.1339
[session 1][epoch 17][iter  400] loss: 0.2638, lr: 1.00e-05
			fg/bg=(32/96), time cost: 64.044214
			rpn_cls: 0.0068, rpn_box: 0.0902, rcnn_cls: 0.2289, rcnn_box 0.1815
[session 1][epoch 17][iter  500] loss: 0.2710, lr: 1.00e-05
			fg/bg=(32/96), time cost: 63.986794
			rpn_cls: 0.0020, rpn_box: 0.0268, rcnn_cls: 0.0222, rcnn_box 0.0847
[session 1][epoch 17][iter  600] loss: 0.2726, lr: 1.00e-05
			fg/bg=(32/96), time cost: 64.154826
			rpn_cls: 0.0085, rpn_box: 0.0312, rcnn_cls: 0.0663, rcnn_box 0.0692
[session 1][epoch 17][iter  700] loss: 0.3104, lr: 1.00e-05
			fg/bg=(32/96), time cost: 64.539368
			rpn_cls: 0.0014, rpn_box: 0.0034, rcnn_cls: 0.0557, rcnn_box 0.0687
[session 1][epoch 17][iter  800] loss: 0.2735, lr: 1.00e-05
			fg/bg=(32/96), time cost: 63.805722
			rpn_cls: 0.0019, rpn_box: 0.0279, rcnn_cls: 0.0692, rcnn_box 0.0917
[session 1][epoch 17][iter  900] loss: 0.3052, lr: 1.00e-05
			fg/bg=(32/96), time cost: 64.177087
			rpn_cls: 0.0082, rpn_box: 0.1386, rcnn_cls: 0.0415, rcnn_box 0.0500
[session 1][epoch 17][iter 1000] loss: 0.2892, lr: 1.00e-05
			fg/bg=(32/96), time cost: 63.959298
			rpn_cls: 0.0560, rpn_box: 0.0921, rcnn_cls: 0.1696, rcnn_box 0.1591
[session 1][epoch 17][iter 1100] loss: 0.2714, lr: 1.00e-05
			fg/bg=(32/96), time cost: 64.165241
			rpn_cls: 0.0006, rpn_box: 0.0152, rcnn_cls: 0.0703, rcnn_box 0.0460
[session 1][epoch 17][iter 1200] loss: 0.2932, lr: 1.00e-05
			fg/bg=(32/96), time cost: 64.161262
			rpn_cls: 0.0031, rpn_box: 0.0095, rcnn_cls: 0.0286, rcnn_box 0.0701
[session 1][epoch 17][iter 1300] loss: 0.3022, lr: 1.00e-05
			fg/bg=(32/96), time cost: 64.119284
			rpn_cls: 0.0081, rpn_box: 0.0061, rcnn_cls: 0.0427, rcnn_box 0.0802
[session 1][epoch 17][iter 1400] loss: 0.2678, lr: 1.00e-05
			fg/bg=(32/96), time cost: 63.653783
			rpn_cls: 0.0037, rpn_box: 0.0202, rcnn_cls: 0.1155, rcnn_box 0.1388
[session 1][epoch 17][iter 1500] loss: 0.2955, lr: 1.00e-05
			fg/bg=(32/96), time cost: 63.212790
			rpn_cls: 0.0002, rpn_box: 0.0042, rcnn_cls: 0.0848, rcnn_box 0.0507
[session 1][epoch 17][iter 1600] loss: 0.2940, lr: 1.00e-05
			fg/bg=(32/96), time cost: 63.561841
			rpn_cls: 0.0034, rpn_box: 0.0449, rcnn_cls: 0.0421, rcnn_box 0.1014
[session 1][epoch 17][iter 1700] loss: 0.2714, lr: 1.00e-05
			fg/bg=(32/96), time cost: 63.486962
			rpn_cls: 0.0099, rpn_box: 0.0048, rcnn_cls: 0.0267, rcnn_box 0.0409
[session 1][epoch 17][iter 1800] loss: 0.2942, lr: 1.00e-05
			fg/bg=(32/96), time cost: 63.931697
			rpn_cls: 0.0051, rpn_box: 0.0537, rcnn_cls: 0.1274, rcnn_box 0.1774
save model: ./models/res101/pascal_voc/fpn_1_17_1807.pth
5.32484698296
[session 1][epoch 18][iter    0] loss: 0.1431, lr: 1.00e-06
			fg/bg=(32/96), time cost: 0.689234
			rpn_cls: 0.0000, rpn_box: 0.0011, rcnn_cls: 0.1016, rcnn_box 0.0403
[session 1][epoch 18][iter  100] loss: 0.2749, lr: 1.00e-06
			fg/bg=(32/96), time cost: 63.767696
			rpn_cls: 0.0501, rpn_box: 0.0199, rcnn_cls: 0.0558, rcnn_box 0.0815
[session 1][epoch 18][iter  200] loss: 0.2811, lr: 1.00e-06
			fg/bg=(32/96), time cost: 63.542861
			rpn_cls: 0.0043, rpn_box: 0.0025, rcnn_cls: 0.0494, rcnn_box 0.0510
[session 1][epoch 18][iter  300] loss: 0.2909, lr: 1.00e-06
			fg/bg=(32/96), time cost: 63.487382
			rpn_cls: 0.0025, rpn_box: 0.0892, rcnn_cls: 0.2718, rcnn_box 0.2811
[session 1][epoch 18][iter  400] loss: 0.2829, lr: 1.00e-06
			fg/bg=(32/96), time cost: 63.840094
			rpn_cls: 0.0007, rpn_box: 0.0025, rcnn_cls: 0.0603, rcnn_box 0.0462
[session 1][epoch 18][iter  500] loss: 0.3024, lr: 1.00e-06
			fg/bg=(32/96), time cost: 63.676322
			rpn_cls: 0.0022, rpn_box: 0.0198, rcnn_cls: 0.0823, rcnn_box 0.0659
[session 1][epoch 18][iter  600] loss: 0.2943, lr: 1.00e-06
			fg/bg=(32/96), time cost: 63.362843
			rpn_cls: 0.0068, rpn_box: 0.0916, rcnn_cls: 0.1246, rcnn_box 0.1769
[session 1][epoch 18][iter  700] loss: 0.2651, lr: 1.00e-06
			fg/bg=(32/96), time cost: 63.239994
			rpn_cls: 0.0229, rpn_box: 0.0209, rcnn_cls: 0.0620, rcnn_box 0.0503
[session 1][epoch 18][iter  800] loss: 0.3056, lr: 1.00e-06
			fg/bg=(32/96), time cost: 63.145078
			rpn_cls: 0.0229, rpn_box: 0.0110, rcnn_cls: 0.0224, rcnn_box 0.0385
[session 1][epoch 18][iter  900] loss: 0.2978, lr: 1.00e-06
			fg/bg=(32/96), time cost: 63.473949
			rpn_cls: 0.0089, rpn_box: 0.0388, rcnn_cls: 0.0324, rcnn_box 0.0924
[session 1][epoch 18][iter 1000] loss: 0.2664, lr: 1.00e-06
			fg/bg=(32/96), time cost: 63.724104
			rpn_cls: 0.0029, rpn_box: 0.0383, rcnn_cls: 0.0574, rcnn_box 0.0909
[session 1][epoch 18][iter 1100] loss: 0.3244, lr: 1.00e-06
			fg/bg=(32/96), time cost: 63.842333
			rpn_cls: 0.0182, rpn_box: 0.0096, rcnn_cls: 0.0776, rcnn_box 0.0756
[session 1][epoch 18][iter 1200] loss: 0.2742, lr: 1.00e-06
			fg/bg=(32/96), time cost: 63.326971
			rpn_cls: 0.0018, rpn_box: 0.0084, rcnn_cls: 0.0319, rcnn_box 0.0444
[session 1][epoch 18][iter 1300] loss: 0.2979, lr: 1.00e-06
			fg/bg=(32/96), time cost: 63.352946
			rpn_cls: 0.0004, rpn_box: 0.1498, rcnn_cls: 0.3439, rcnn_box 0.1650
[session 1][epoch 18][iter 1400] loss: 0.2851, lr: 1.00e-06
			fg/bg=(32/96), time cost: 64.356237
			rpn_cls: 0.0039, rpn_box: 0.0247, rcnn_cls: 0.0596, rcnn_box 0.0976
[session 1][epoch 18][iter 1500] loss: 0.2882, lr: 1.00e-06
			fg/bg=(32/96), time cost: 63.854216
			rpn_cls: 0.0016, rpn_box: 0.0058, rcnn_cls: 0.1502, rcnn_box 0.0628
[session 1][epoch 18][iter 1600] loss: 0.2635, lr: 1.00e-06
			fg/bg=(32/96), time cost: 63.180328
			rpn_cls: 0.0320, rpn_box: 0.0082, rcnn_cls: 0.0467, rcnn_box 0.0756
[session 1][epoch 18][iter 1700] loss: 0.2728, lr: 1.00e-06
			fg/bg=(32/96), time cost: 63.787475
			rpn_cls: 0.0115, rpn_box: 0.0042, rcnn_cls: 0.0793, rcnn_box 0.0727
[session 1][epoch 18][iter 1800] loss: 0.2880, lr: 1.00e-06
			fg/bg=(32/96), time cost: 63.531804
			rpn_cls: 0.0003, rpn_box: 0.0010, rcnn_cls: 0.0668, rcnn_box 0.0424
save model: ./models/res101/pascal_voc/fpn_1_18_1807.pth
5.35937619209
[session 1][epoch 19][iter    0] loss: 0.1913, lr: 1.00e-06
			fg/bg=(32/96), time cost: 0.630251
			rpn_cls: 0.0064, rpn_box: 0.0527, rcnn_cls: 0.0292, rcnn_box 0.1030
[session 1][epoch 19][iter  100] loss: 0.2781, lr: 1.00e-06
			fg/bg=(32/96), time cost: 64.140859
			rpn_cls: 0.0018, rpn_box: 0.1091, rcnn_cls: 0.1741, rcnn_box 0.1516
[session 1][epoch 19][iter  200] loss: 0.2762, lr: 1.00e-06
			fg/bg=(32/96), time cost: 64.210204
			rpn_cls: 0.0064, rpn_box: 0.0123, rcnn_cls: 0.1224, rcnn_box 0.0873
[session 1][epoch 19][iter  300] loss: 0.2882, lr: 1.00e-06
			fg/bg=(32/96), time cost: 63.402660
			rpn_cls: 0.0012, rpn_box: 0.1402, rcnn_cls: 0.2237, rcnn_box 0.0783
[session 1][epoch 19][iter  400] loss: 0.3116, lr: 1.00e-06
			fg/bg=(32/96), time cost: 63.349690
			rpn_cls: 0.0030, rpn_box: 0.1208, rcnn_cls: 0.3099, rcnn_box 0.2024
[session 1][epoch 19][iter  500] loss: 0.2942, lr: 1.00e-06
			fg/bg=(32/96), time cost: 63.569867
			rpn_cls: 0.0148, rpn_box: 0.0179, rcnn_cls: 0.1302, rcnn_box 0.0939
[session 1][epoch 19][iter  600] loss: 0.2908, lr: 1.00e-06
			fg/bg=(32/96), time cost: 63.167069
			rpn_cls: 0.0061, rpn_box: 0.0184, rcnn_cls: 0.0297, rcnn_box 0.0631
[session 1][epoch 19][iter  700] loss: 0.2585, lr: 1.00e-06
			fg/bg=(32/96), time cost: 63.849969
			rpn_cls: 0.0022, rpn_box: 0.0689, rcnn_cls: 0.0249, rcnn_box 0.0731
[session 1][epoch 19][iter  800] loss: 0.3280, lr: 1.00e-06
			fg/bg=(32/96), time cost: 63.468295
			rpn_cls: 0.0053, rpn_box: 0.0096, rcnn_cls: 0.1242, rcnn_box 0.2201
[session 1][epoch 19][iter  900] loss: 0.2787, lr: 1.00e-06
			fg/bg=(32/96), time cost: 63.782766
			rpn_cls: 0.0013, rpn_box: 0.0087, rcnn_cls: 0.0179, rcnn_box 0.0824
[session 1][epoch 19][iter 1000] loss: 0.3028, lr: 1.00e-06
			fg/bg=(32/96), time cost: 63.521476
			rpn_cls: 0.0016, rpn_box: 0.0117, rcnn_cls: 0.0707, rcnn_box 0.0849
[session 1][epoch 19][iter 1100] loss: 0.2895, lr: 1.00e-06
			fg/bg=(32/96), time cost: 64.028785
			rpn_cls: 0.0040, rpn_box: 0.0241, rcnn_cls: 0.0477, rcnn_box 0.1063
[session 1][epoch 19][iter 1200] loss: 0.3018, lr: 1.00e-06
			fg/bg=(32/96), time cost: 63.312543
			rpn_cls: 0.0693, rpn_box: 0.0414, rcnn_cls: 0.1549, rcnn_box 0.1251
[session 1][epoch 19][iter 1300] loss: 0.2792, lr: 1.00e-06
			fg/bg=(32/96), time cost: 63.603133
			rpn_cls: 0.0159, rpn_box: 0.0138, rcnn_cls: 0.0349, rcnn_box 0.0739
[session 1][epoch 19][iter 1400] loss: 0.2465, lr: 1.00e-06
			fg/bg=(32/96), time cost: 64.064251
			rpn_cls: 0.0016, rpn_box: 0.0056, rcnn_cls: 0.0330, rcnn_box 0.0785
[session 1][epoch 19][iter 1500] loss: 0.2691, lr: 1.00e-06
			fg/bg=(32/96), time cost: 63.498546
			rpn_cls: 0.0115, rpn_box: 0.0356, rcnn_cls: 0.0581, rcnn_box 0.0906
[session 1][epoch 19][iter 1600] loss: 0.3103, lr: 1.00e-06
			fg/bg=(32/96), time cost: 63.455426
			rpn_cls: 0.0003, rpn_box: 0.0901, rcnn_cls: 0.2748, rcnn_box 0.1935
[session 1][epoch 19][iter 1700] loss: 0.2927, lr: 1.00e-06
			fg/bg=(32/96), time cost: 63.786161
			rpn_cls: 0.0077, rpn_box: 0.1891, rcnn_cls: 0.3483, rcnn_box 0.1531
[session 1][epoch 19][iter 1800] loss: 0.2704, lr: 1.00e-06
			fg/bg=(32/96), time cost: 63.091422
			rpn_cls: 0.0002, rpn_box: 0.0022, rcnn_cls: 0.0582, rcnn_box 0.0372
save model: ./models/res101/pascal_voc/fpn_1_19_1807.pth
5.29959607124
